[0.000000] (-) TimerEvent: {}
[0.000746] (livox_ros_driver2) JobQueued: {'identifier': 'livox_ros_driver2', 'dependencies': OrderedDict()}
[0.000797] (pointcloud_to_laserscan) JobQueued: {'identifier': 'pointcloud_to_laserscan', 'dependencies': OrderedDict()}
[0.000862] (fast_lio) JobQueued: {'identifier': 'fast_lio', 'dependencies': OrderedDict([('livox_ros_driver2', '/home/lx/ros2/ros/mid-360_ws/install/livox_ros_driver2')])}
[0.000905] (livox_ros_driver2) JobStarted: {'identifier': 'livox_ros_driver2'}
[0.056159] (pointcloud_to_laserscan) JobStarted: {'identifier': 'pointcloud_to_laserscan'}
[0.100312] (-) TimerEvent: {}
[0.111390] (livox_ros_driver2) JobProgress: {'identifier': 'livox_ros_driver2', 'progress': 'cmake'}
[0.112800] (livox_ros_driver2) JobProgress: {'identifier': 'livox_ros_driver2', 'progress': 'build'}
[0.112866] (livox_ros_driver2) Command: {'cmd': ['/usr/bin/cmake', '--build', '/home/lx/ros2/ros/mid-360_ws/build/livox_ros_driver2', '--', '-j12', '-l12'], 'cwd': '/home/lx/ros2/ros/mid-360_ws/build/livox_ros_driver2', 'env': OrderedDict([('LESSOPEN', '| /usr/bin/lesspipe %s'), ('HTTPS_PROXY', 'http://127.0.0.1:7890/'), ('no_proxy', 'localhost,127.0.0.0/8,::1'), ('LANGUAGE', 'zh_CN:zh'), ('USER', 'lx'), ('all_proxy', 'socks://127.0.0.1:7890/'), ('XDG_SESSION_TYPE', 'wayland'), ('SHLVL', '1'), ('LD_LIBRARY_PATH', '/home/lx/ros2/ros/mid-360_ws/install/pointcloud_to_laserscan/lib:/home/lx/ros2/ros/mid-360_ws/install/fast_lio/lib:/home/lx/ros2/ros/mid-360_ws/install/livox_ros_driver2/lib:/usr/lib/x86_64-linux-gnu/gazebo-11/plugins:/opt/ros/humble/opt/rviz_ogre_vendor/lib:/opt/ros/humble/lib/x86_64-linux-gnu:/opt/ros/humble/lib'), ('HOME', '/home/lx'), ('DESKTOP_SESSION', 'ubuntu'), ('NO_PROXY', 'localhost,127.0.0.0/8,::1'), ('ROS_PYTHON_VERSION', '3'), ('GNOME_SHELL_SESSION_MODE', 'ubuntu'), ('GTK_MODULES', 'gail:atk-bridge'), ('SYSTEMD_EXEC_PID', '3053'), ('DBUS_SESSION_BUS_ADDRESS', 'unix:path=/run/user/1000/bus'), ('COLORTERM', 'truecolor'), ('IM_CONFIG_PHASE', '1'), ('WAYLAND_DISPLAY', 'wayland-0'), ('https_proxy', 'http://127.0.0.1:7890/'), ('COLCON_PREFIX_PATH', '/home/lx/ros2/ros/mid-360_ws/install'), ('ROS_DISTRO', 'humble'), ('LOGNAME', 'lx'), ('ALL_PROXY', 'socks://127.0.0.1:7890/'), ('http_proxy', 'http://127.0.0.1:7890/'), ('_', '/usr/bin/colcon'), ('ROS_VERSION', '2'), ('XDG_SESSION_CLASS', 'user'), ('USERNAME', 'lx'), ('TERM', 'xterm-256color'), ('GNOME_DESKTOP_SESSION_ID', 'this-is-deprecated'), ('ROS_LOCALHOST_ONLY', '0'), ('PATH', '/opt/ros/humble/bin:/usr/local/sbin:/usr/local/bin:/usr/sbin:/usr/bin:/sbin:/bin:/usr/games:/usr/local/games:/snap/bin:/snap/bin'), ('SESSION_MANAGER', 'local/lx-Dell-G15-5510:@/tmp/.ICE-unix/1661,unix/lx-Dell-G15-5510:/tmp/.ICE-unix/1661'), ('XDG_MENU_PREFIX', 'gnome-'), ('ftp_proxy', 'http://127.0.0.1:7890/'), ('GNOME_TERMINAL_SCREEN', '/org/gnome/Terminal/screen/f39f0bf1_7348_420a_97a6_cfc170e1c128'), ('GNOME_SETUP_DISPLAY', ':1'), ('XDG_RUNTIME_DIR', '/run/user/1000'), ('DISPLAY', ':0'), ('LANG', 'zh_CN.UTF-8'), ('XDG_CURRENT_DESKTOP', 'ubuntu:GNOME'), ('XMODIFIERS', '@im=ibus'), ('XDG_SESSION_DESKTOP', 'ubuntu'), ('XAUTHORITY', '/run/user/1000/.mutter-Xwaylandauth.W6XBD2'), ('LS_COLORS', 'rs=0:di=01;34:ln=01;36:mh=00:pi=40;33:so=01;35:do=01;35:bd=40;33;01:cd=40;33;01:or=40;31;01:mi=00:su=37;41:sg=30;43:ca=30;41:tw=30;42:ow=34;42:st=37;44:ex=01;32:*.tar=01;31:*.tgz=01;31:*.arc=01;31:*.arj=01;31:*.taz=01;31:*.lha=01;31:*.lz4=01;31:*.lzh=01;31:*.lzma=01;31:*.tlz=01;31:*.txz=01;31:*.tzo=01;31:*.t7z=01;31:*.zip=01;31:*.z=01;31:*.dz=01;31:*.gz=01;31:*.lrz=01;31:*.lz=01;31:*.lzo=01;31:*.xz=01;31:*.zst=01;31:*.tzst=01;31:*.bz2=01;31:*.bz=01;31:*.tbz=01;31:*.tbz2=01;31:*.tz=01;31:*.deb=01;31:*.rpm=01;31:*.jar=01;31:*.war=01;31:*.ear=01;31:*.sar=01;31:*.rar=01;31:*.alz=01;31:*.ace=01;31:*.zoo=01;31:*.cpio=01;31:*.7z=01;31:*.rz=01;31:*.cab=01;31:*.wim=01;31:*.swm=01;31:*.dwm=01;31:*.esd=01;31:*.jpg=01;35:*.jpeg=01;35:*.mjpg=01;35:*.mjpeg=01;35:*.gif=01;35:*.bmp=01;35:*.pbm=01;35:*.pgm=01;35:*.ppm=01;35:*.tga=01;35:*.xbm=01;35:*.xpm=01;35:*.tif=01;35:*.tiff=01;35:*.png=01;35:*.svg=01;35:*.svgz=01;35:*.mng=01;35:*.pcx=01;35:*.mov=01;35:*.mpg=01;35:*.mpeg=01;35:*.m2v=01;35:*.mkv=01;35:*.webm=01;35:*.webp=01;35:*.ogm=01;35:*.mp4=01;35:*.m4v=01;35:*.mp4v=01;35:*.vob=01;35:*.qt=01;35:*.nuv=01;35:*.wmv=01;35:*.asf=01;35:*.rm=01;35:*.rmvb=01;35:*.flc=01;35:*.avi=01;35:*.fli=01;35:*.flv=01;35:*.gl=01;35:*.dl=01;35:*.xcf=01;35:*.xwd=01;35:*.yuv=01;35:*.cgm=01;35:*.emf=01;35:*.ogv=01;35:*.ogx=01;35:*.aac=00;36:*.au=00;36:*.flac=00;36:*.m4a=00;36:*.mid=00;36:*.midi=00;36:*.mka=00;36:*.mp3=00;36:*.mpc=00;36:*.ogg=00;36:*.ra=00;36:*.wav=00;36:*.oga=00;36:*.opus=00;36:*.spx=00;36:*.xspf=00;36:'), ('GNOME_TERMINAL_SERVICE', ':1.122'), ('SSH_AGENT_LAUNCHER', 'gnome-keyring'), ('SSH_AUTH_SOCK', '/run/user/1000/keyring/ssh'), ('AMENT_PREFIX_PATH', '/home/lx/ros2/ros/mid-360_ws/install/pointcloud_to_laserscan:/home/lx/ros2/ros/mid-360_ws/install/fast_lio:/home/lx/ros2/ros/mid-360_ws/install/livox_ros_driver2:/opt/ros/humble'), ('SHELL', '/bin/bash'), ('QT_ACCESSIBILITY', '1'), ('GDMSESSION', 'ubuntu'), ('LESSCLOSE', '/usr/bin/lesspipe %s %s'), ('QT_IM_MODULE', 'ibus'), ('PWD', '/home/lx/ros2/ros/mid-360_ws/build/livox_ros_driver2'), ('XDG_CONFIG_DIRS', '/etc/xdg/xdg-ubuntu:/etc/xdg'), ('FTP_PROXY', 'http://127.0.0.1:7890/'), ('XDG_DATA_DIRS', '/usr/share/ubuntu:/usr/local/share/:/usr/share/:/var/lib/snapd/desktop'), ('PYTHONPATH', '/home/lx/ros2/ros/mid-360_ws/install/fast_lio/local/lib/python3.10/dist-packages:/home/lx/ros2/ros/mid-360_ws/install/livox_ros_driver2/local/lib/python3.10/dist-packages:/opt/ros/humble/lib/python3.10/site-packages:/opt/ros/humble/local/lib/python3.10/dist-packages'), ('HTTP_PROXY', 'http://127.0.0.1:7890/'), ('COLCON', '1'), ('VTE_VERSION', '6800'), ('CMAKE_PREFIX_PATH', '/home/lx/ros2/ros/mid-360_ws/install/pointcloud_to_laserscan:/home/lx/ros2/ros/mid-360_ws/install/fast_lio:/home/lx/ros2/ros/mid-360_ws/install/livox_ros_driver2:/opt/ros/humble')]), 'shell': False}
[0.117866] (pointcloud_to_laserscan) JobProgress: {'identifier': 'pointcloud_to_laserscan', 'progress': 'cmake'}
[0.118678] (pointcloud_to_laserscan) JobProgress: {'identifier': 'pointcloud_to_laserscan', 'progress': 'build'}
[0.119041] (pointcloud_to_laserscan) Command: {'cmd': ['/usr/bin/cmake', '--build', '/home/lx/ros2/ros/mid-360_ws/build/pointcloud_to_laserscan', '--', '-j12', '-l12'], 'cwd': '/home/lx/ros2/ros/mid-360_ws/build/pointcloud_to_laserscan', 'env': OrderedDict([('LESSOPEN', '| /usr/bin/lesspipe %s'), ('HTTPS_PROXY', 'http://127.0.0.1:7890/'), ('no_proxy', 'localhost,127.0.0.0/8,::1'), ('LANGUAGE', 'zh_CN:zh'), ('USER', 'lx'), ('all_proxy', 'socks://127.0.0.1:7890/'), ('XDG_SESSION_TYPE', 'wayland'), ('SHLVL', '1'), ('LD_LIBRARY_PATH', '/home/lx/ros2/ros/mid-360_ws/install/pointcloud_to_laserscan/lib:/home/lx/ros2/ros/mid-360_ws/install/fast_lio/lib:/home/lx/ros2/ros/mid-360_ws/install/livox_ros_driver2/lib:/usr/lib/x86_64-linux-gnu/gazebo-11/plugins:/opt/ros/humble/opt/rviz_ogre_vendor/lib:/opt/ros/humble/lib/x86_64-linux-gnu:/opt/ros/humble/lib'), ('HOME', '/home/lx'), ('DESKTOP_SESSION', 'ubuntu'), ('NO_PROXY', 'localhost,127.0.0.0/8,::1'), ('ROS_PYTHON_VERSION', '3'), ('GNOME_SHELL_SESSION_MODE', 'ubuntu'), ('GTK_MODULES', 'gail:atk-bridge'), ('SYSTEMD_EXEC_PID', '3053'), ('DBUS_SESSION_BUS_ADDRESS', 'unix:path=/run/user/1000/bus'), ('COLORTERM', 'truecolor'), ('IM_CONFIG_PHASE', '1'), ('WAYLAND_DISPLAY', 'wayland-0'), ('https_proxy', 'http://127.0.0.1:7890/'), ('COLCON_PREFIX_PATH', '/home/lx/ros2/ros/mid-360_ws/install'), ('ROS_DISTRO', 'humble'), ('LOGNAME', 'lx'), ('ALL_PROXY', 'socks://127.0.0.1:7890/'), ('http_proxy', 'http://127.0.0.1:7890/'), ('_', '/usr/bin/colcon'), ('ROS_VERSION', '2'), ('XDG_SESSION_CLASS', 'user'), ('USERNAME', 'lx'), ('TERM', 'xterm-256color'), ('GNOME_DESKTOP_SESSION_ID', 'this-is-deprecated'), ('ROS_LOCALHOST_ONLY', '0'), ('PATH', '/opt/ros/humble/bin:/usr/local/sbin:/usr/local/bin:/usr/sbin:/usr/bin:/sbin:/bin:/usr/games:/usr/local/games:/snap/bin:/snap/bin'), ('SESSION_MANAGER', 'local/lx-Dell-G15-5510:@/tmp/.ICE-unix/1661,unix/lx-Dell-G15-5510:/tmp/.ICE-unix/1661'), ('XDG_MENU_PREFIX', 'gnome-'), ('ftp_proxy', 'http://127.0.0.1:7890/'), ('GNOME_TERMINAL_SCREEN', '/org/gnome/Terminal/screen/f39f0bf1_7348_420a_97a6_cfc170e1c128'), ('GNOME_SETUP_DISPLAY', ':1'), ('XDG_RUNTIME_DIR', '/run/user/1000'), ('DISPLAY', ':0'), ('LANG', 'zh_CN.UTF-8'), ('XDG_CURRENT_DESKTOP', 'ubuntu:GNOME'), ('XMODIFIERS', '@im=ibus'), ('XDG_SESSION_DESKTOP', 'ubuntu'), ('XAUTHORITY', '/run/user/1000/.mutter-Xwaylandauth.W6XBD2'), ('LS_COLORS', 'rs=0:di=01;34:ln=01;36:mh=00:pi=40;33:so=01;35:do=01;35:bd=40;33;01:cd=40;33;01:or=40;31;01:mi=00:su=37;41:sg=30;43:ca=30;41:tw=30;42:ow=34;42:st=37;44:ex=01;32:*.tar=01;31:*.tgz=01;31:*.arc=01;31:*.arj=01;31:*.taz=01;31:*.lha=01;31:*.lz4=01;31:*.lzh=01;31:*.lzma=01;31:*.tlz=01;31:*.txz=01;31:*.tzo=01;31:*.t7z=01;31:*.zip=01;31:*.z=01;31:*.dz=01;31:*.gz=01;31:*.lrz=01;31:*.lz=01;31:*.lzo=01;31:*.xz=01;31:*.zst=01;31:*.tzst=01;31:*.bz2=01;31:*.bz=01;31:*.tbz=01;31:*.tbz2=01;31:*.tz=01;31:*.deb=01;31:*.rpm=01;31:*.jar=01;31:*.war=01;31:*.ear=01;31:*.sar=01;31:*.rar=01;31:*.alz=01;31:*.ace=01;31:*.zoo=01;31:*.cpio=01;31:*.7z=01;31:*.rz=01;31:*.cab=01;31:*.wim=01;31:*.swm=01;31:*.dwm=01;31:*.esd=01;31:*.jpg=01;35:*.jpeg=01;35:*.mjpg=01;35:*.mjpeg=01;35:*.gif=01;35:*.bmp=01;35:*.pbm=01;35:*.pgm=01;35:*.ppm=01;35:*.tga=01;35:*.xbm=01;35:*.xpm=01;35:*.tif=01;35:*.tiff=01;35:*.png=01;35:*.svg=01;35:*.svgz=01;35:*.mng=01;35:*.pcx=01;35:*.mov=01;35:*.mpg=01;35:*.mpeg=01;35:*.m2v=01;35:*.mkv=01;35:*.webm=01;35:*.webp=01;35:*.ogm=01;35:*.mp4=01;35:*.m4v=01;35:*.mp4v=01;35:*.vob=01;35:*.qt=01;35:*.nuv=01;35:*.wmv=01;35:*.asf=01;35:*.rm=01;35:*.rmvb=01;35:*.flc=01;35:*.avi=01;35:*.fli=01;35:*.flv=01;35:*.gl=01;35:*.dl=01;35:*.xcf=01;35:*.xwd=01;35:*.yuv=01;35:*.cgm=01;35:*.emf=01;35:*.ogv=01;35:*.ogx=01;35:*.aac=00;36:*.au=00;36:*.flac=00;36:*.m4a=00;36:*.mid=00;36:*.midi=00;36:*.mka=00;36:*.mp3=00;36:*.mpc=00;36:*.ogg=00;36:*.ra=00;36:*.wav=00;36:*.oga=00;36:*.opus=00;36:*.spx=00;36:*.xspf=00;36:'), ('GNOME_TERMINAL_SERVICE', ':1.122'), ('SSH_AGENT_LAUNCHER', 'gnome-keyring'), ('SSH_AUTH_SOCK', '/run/user/1000/keyring/ssh'), ('AMENT_PREFIX_PATH', '/home/lx/ros2/ros/mid-360_ws/install/pointcloud_to_laserscan:/home/lx/ros2/ros/mid-360_ws/install/fast_lio:/home/lx/ros2/ros/mid-360_ws/install/livox_ros_driver2:/opt/ros/humble'), ('SHELL', '/bin/bash'), ('QT_ACCESSIBILITY', '1'), ('GDMSESSION', 'ubuntu'), ('LESSCLOSE', '/usr/bin/lesspipe %s %s'), ('QT_IM_MODULE', 'ibus'), ('PWD', '/home/lx/ros2/ros/mid-360_ws/build/pointcloud_to_laserscan'), ('XDG_CONFIG_DIRS', '/etc/xdg/xdg-ubuntu:/etc/xdg'), ('FTP_PROXY', 'http://127.0.0.1:7890/'), ('XDG_DATA_DIRS', '/usr/share/ubuntu:/usr/local/share/:/usr/share/:/var/lib/snapd/desktop'), ('PYTHONPATH', '/home/lx/ros2/ros/mid-360_ws/install/fast_lio/local/lib/python3.10/dist-packages:/home/lx/ros2/ros/mid-360_ws/install/livox_ros_driver2/local/lib/python3.10/dist-packages:/opt/ros/humble/lib/python3.10/site-packages:/opt/ros/humble/local/lib/python3.10/dist-packages'), ('HTTP_PROXY', 'http://127.0.0.1:7890/'), ('COLCON', '1'), ('VTE_VERSION', '6800'), ('CMAKE_PREFIX_PATH', '/home/lx/ros2/ros/mid-360_ws/install/pointcloud_to_laserscan:/home/lx/ros2/ros/mid-360_ws/install/fast_lio:/home/lx/ros2/ros/mid-360_ws/install/livox_ros_driver2:/opt/ros/humble')]), 'shell': False}
[0.162675] (livox_ros_driver2) StdoutLine: {'line': b'[  1%] Built target livox_interfaces2__cpp\n'}
[0.162940] (livox_ros_driver2) StdoutLine: {'line': b'[  8%] Built target livox_interfaces2__rosidl_generator_c\n'}
[0.170276] (pointcloud_to_laserscan) StdoutLine: {'line': b'[ 20%] Built target pointcloud_to_laserscan_node\n'}
[0.170935] (pointcloud_to_laserscan) StdoutLine: {'line': b'[ 40%] Built target laserscan_to_pointcloud\n'}
[0.171557] (livox_ros_driver2) StdoutLine: {'line': b'[  8%] Built target ament_cmake_python_copy_livox_ros_driver2\n'}
[0.171897] (livox_ros_driver2) StdoutLine: {'line': b'[ 12%] Built target livox_ros_driver2_node\n'}
[0.173014] (pointcloud_to_laserscan) StdoutLine: {'line': b'[ 60%] Built target laserscan_to_pointcloud_node\n'}
[0.185545] (livox_ros_driver2) StdoutLine: {'line': b'[ 31%] Built target livox_interfaces2__rosidl_typesupport_cpp\n'}
[0.186212] (pointcloud_to_laserscan) StdoutLine: {'line': b'\x1b[35m\x1b[1mConsolidate compiler generated dependencies of target pointcloud_to_laserscan\x1b[0m\n'}
[0.186592] (livox_ros_driver2) StdoutLine: {'line': b'[ 31%] Built target livox_interfaces2__rosidl_typesupport_fastrtps_cpp\n'}
[0.186788] (livox_ros_driver2) StdoutLine: {'line': b'[ 33%] Built target livox_interfaces2__rosidl_typesupport_introspection_cpp\n'}
[0.195001] (livox_ros_driver2) StdoutLine: {'line': b'[ 47%] Built target livox_interfaces2__rosidl_typesupport_c\n'}
[0.195267] (livox_ros_driver2) StdoutLine: {'line': b'[ 47%] Built target livox_interfaces2__rosidl_typesupport_fastrtps_c\n'}
[0.195374] (livox_ros_driver2) StdoutLine: {'line': b'[ 54%] Built target livox_interfaces2__rosidl_typesupport_introspection_c\n'}
[0.200444] (-) TimerEvent: {}
[0.206990] (pointcloud_to_laserscan) StdoutLine: {'line': b'[ 80%] Built target pointcloud_to_laserscan\n'}
[0.210065] (livox_ros_driver2) StdoutLine: {'line': b'[ 54%] Built target livox_interfaces2\n'}
[0.222057] (livox_ros_driver2) StdoutLine: {'line': b'[ 82%] Built target livox_ros_driver2\n'}
[0.227034] (livox_ros_driver2) StdoutLine: {'line': b'[ 84%] Built target livox_interfaces2__py\n'}
[0.229215] (pointcloud_to_laserscan) StdoutLine: {'line': b'[100%] Built target dummy_pointcloud_publisher\n'}
[0.237849] (pointcloud_to_laserscan) CommandEnded: {'returncode': 0}
[0.247566] (livox_ros_driver2) StdoutLine: {'line': b'[ 89%] Built target livox_interfaces2__rosidl_generator_py\n'}
[0.266346] (livox_ros_driver2) StdoutLine: {'line': b'[ 96%] Built target livox_ros_driver2__rosidl_typesupport_fastrtps_c__pyext\n'}
[0.266574] (livox_ros_driver2) StdoutLine: {'line': b'[ 96%] Built target livox_ros_driver2__rosidl_typesupport_introspection_c__pyext\n'}
[0.267621] (pointcloud_to_laserscan) JobProgress: {'identifier': 'pointcloud_to_laserscan', 'progress': 'install'}
[0.267881] (livox_ros_driver2) StdoutLine: {'line': b'[100%] Built target livox_ros_driver2__rosidl_typesupport_c__pyext\n'}
[0.273975] (pointcloud_to_laserscan) Command: {'cmd': ['/usr/bin/cmake', '--install', '/home/lx/ros2/ros/mid-360_ws/build/pointcloud_to_laserscan'], 'cwd': '/home/lx/ros2/ros/mid-360_ws/build/pointcloud_to_laserscan', 'env': OrderedDict([('LESSOPEN', '| /usr/bin/lesspipe %s'), ('HTTPS_PROXY', 'http://127.0.0.1:7890/'), ('no_proxy', 'localhost,127.0.0.0/8,::1'), ('LANGUAGE', 'zh_CN:zh'), ('USER', 'lx'), ('all_proxy', 'socks://127.0.0.1:7890/'), ('XDG_SESSION_TYPE', 'wayland'), ('SHLVL', '1'), ('LD_LIBRARY_PATH', '/home/lx/ros2/ros/mid-360_ws/install/pointcloud_to_laserscan/lib:/home/lx/ros2/ros/mid-360_ws/install/fast_lio/lib:/home/lx/ros2/ros/mid-360_ws/install/livox_ros_driver2/lib:/usr/lib/x86_64-linux-gnu/gazebo-11/plugins:/opt/ros/humble/opt/rviz_ogre_vendor/lib:/opt/ros/humble/lib/x86_64-linux-gnu:/opt/ros/humble/lib'), ('HOME', '/home/lx'), ('DESKTOP_SESSION', 'ubuntu'), ('NO_PROXY', 'localhost,127.0.0.0/8,::1'), ('ROS_PYTHON_VERSION', '3'), ('GNOME_SHELL_SESSION_MODE', 'ubuntu'), ('GTK_MODULES', 'gail:atk-bridge'), ('SYSTEMD_EXEC_PID', '3053'), ('DBUS_SESSION_BUS_ADDRESS', 'unix:path=/run/user/1000/bus'), ('COLORTERM', 'truecolor'), ('IM_CONFIG_PHASE', '1'), ('WAYLAND_DISPLAY', 'wayland-0'), ('https_proxy', 'http://127.0.0.1:7890/'), ('COLCON_PREFIX_PATH', '/home/lx/ros2/ros/mid-360_ws/install'), ('ROS_DISTRO', 'humble'), ('LOGNAME', 'lx'), ('ALL_PROXY', 'socks://127.0.0.1:7890/'), ('http_proxy', 'http://127.0.0.1:7890/'), ('_', '/usr/bin/colcon'), ('ROS_VERSION', '2'), ('XDG_SESSION_CLASS', 'user'), ('USERNAME', 'lx'), ('TERM', 'xterm-256color'), ('GNOME_DESKTOP_SESSION_ID', 'this-is-deprecated'), ('ROS_LOCALHOST_ONLY', '0'), ('PATH', '/opt/ros/humble/bin:/usr/local/sbin:/usr/local/bin:/usr/sbin:/usr/bin:/sbin:/bin:/usr/games:/usr/local/games:/snap/bin:/snap/bin'), ('SESSION_MANAGER', 'local/lx-Dell-G15-5510:@/tmp/.ICE-unix/1661,unix/lx-Dell-G15-5510:/tmp/.ICE-unix/1661'), ('XDG_MENU_PREFIX', 'gnome-'), ('ftp_proxy', 'http://127.0.0.1:7890/'), ('GNOME_TERMINAL_SCREEN', '/org/gnome/Terminal/screen/f39f0bf1_7348_420a_97a6_cfc170e1c128'), ('GNOME_SETUP_DISPLAY', ':1'), ('XDG_RUNTIME_DIR', '/run/user/1000'), ('DISPLAY', ':0'), ('LANG', 'zh_CN.UTF-8'), ('XDG_CURRENT_DESKTOP', 'ubuntu:GNOME'), ('XMODIFIERS', '@im=ibus'), ('XDG_SESSION_DESKTOP', 'ubuntu'), ('XAUTHORITY', '/run/user/1000/.mutter-Xwaylandauth.W6XBD2'), ('LS_COLORS', 'rs=0:di=01;34:ln=01;36:mh=00:pi=40;33:so=01;35:do=01;35:bd=40;33;01:cd=40;33;01:or=40;31;01:mi=00:su=37;41:sg=30;43:ca=30;41:tw=30;42:ow=34;42:st=37;44:ex=01;32:*.tar=01;31:*.tgz=01;31:*.arc=01;31:*.arj=01;31:*.taz=01;31:*.lha=01;31:*.lz4=01;31:*.lzh=01;31:*.lzma=01;31:*.tlz=01;31:*.txz=01;31:*.tzo=01;31:*.t7z=01;31:*.zip=01;31:*.z=01;31:*.dz=01;31:*.gz=01;31:*.lrz=01;31:*.lz=01;31:*.lzo=01;31:*.xz=01;31:*.zst=01;31:*.tzst=01;31:*.bz2=01;31:*.bz=01;31:*.tbz=01;31:*.tbz2=01;31:*.tz=01;31:*.deb=01;31:*.rpm=01;31:*.jar=01;31:*.war=01;31:*.ear=01;31:*.sar=01;31:*.rar=01;31:*.alz=01;31:*.ace=01;31:*.zoo=01;31:*.cpio=01;31:*.7z=01;31:*.rz=01;31:*.cab=01;31:*.wim=01;31:*.swm=01;31:*.dwm=01;31:*.esd=01;31:*.jpg=01;35:*.jpeg=01;35:*.mjpg=01;35:*.mjpeg=01;35:*.gif=01;35:*.bmp=01;35:*.pbm=01;35:*.pgm=01;35:*.ppm=01;35:*.tga=01;35:*.xbm=01;35:*.xpm=01;35:*.tif=01;35:*.tiff=01;35:*.png=01;35:*.svg=01;35:*.svgz=01;35:*.mng=01;35:*.pcx=01;35:*.mov=01;35:*.mpg=01;35:*.mpeg=01;35:*.m2v=01;35:*.mkv=01;35:*.webm=01;35:*.webp=01;35:*.ogm=01;35:*.mp4=01;35:*.m4v=01;35:*.mp4v=01;35:*.vob=01;35:*.qt=01;35:*.nuv=01;35:*.wmv=01;35:*.asf=01;35:*.rm=01;35:*.rmvb=01;35:*.flc=01;35:*.avi=01;35:*.fli=01;35:*.flv=01;35:*.gl=01;35:*.dl=01;35:*.xcf=01;35:*.xwd=01;35:*.yuv=01;35:*.cgm=01;35:*.emf=01;35:*.ogv=01;35:*.ogx=01;35:*.aac=00;36:*.au=00;36:*.flac=00;36:*.m4a=00;36:*.mid=00;36:*.midi=00;36:*.mka=00;36:*.mp3=00;36:*.mpc=00;36:*.ogg=00;36:*.ra=00;36:*.wav=00;36:*.oga=00;36:*.opus=00;36:*.spx=00;36:*.xspf=00;36:'), ('GNOME_TERMINAL_SERVICE', ':1.122'), ('SSH_AGENT_LAUNCHER', 'gnome-keyring'), ('SSH_AUTH_SOCK', '/run/user/1000/keyring/ssh'), ('AMENT_PREFIX_PATH', '/home/lx/ros2/ros/mid-360_ws/install/pointcloud_to_laserscan:/home/lx/ros2/ros/mid-360_ws/install/fast_lio:/home/lx/ros2/ros/mid-360_ws/install/livox_ros_driver2:/opt/ros/humble'), ('SHELL', '/bin/bash'), ('QT_ACCESSIBILITY', '1'), ('GDMSESSION', 'ubuntu'), ('LESSCLOSE', '/usr/bin/lesspipe %s %s'), ('QT_IM_MODULE', 'ibus'), ('PWD', '/home/lx/ros2/ros/mid-360_ws/build/pointcloud_to_laserscan'), ('XDG_CONFIG_DIRS', '/etc/xdg/xdg-ubuntu:/etc/xdg'), ('FTP_PROXY', 'http://127.0.0.1:7890/'), ('XDG_DATA_DIRS', '/usr/share/ubuntu:/usr/local/share/:/usr/share/:/var/lib/snapd/desktop'), ('PYTHONPATH', '/home/lx/ros2/ros/mid-360_ws/install/fast_lio/local/lib/python3.10/dist-packages:/home/lx/ros2/ros/mid-360_ws/install/livox_ros_driver2/local/lib/python3.10/dist-packages:/opt/ros/humble/lib/python3.10/site-packages:/opt/ros/humble/local/lib/python3.10/dist-packages'), ('HTTP_PROXY', 'http://127.0.0.1:7890/'), ('COLCON', '1'), ('VTE_VERSION', '6800'), ('CMAKE_PREFIX_PATH', '/home/lx/ros2/ros/mid-360_ws/install/pointcloud_to_laserscan:/home/lx/ros2/ros/mid-360_ws/install/fast_lio:/home/lx/ros2/ros/mid-360_ws/install/livox_ros_driver2:/opt/ros/humble')]), 'shell': False}
[0.281112] (pointcloud_to_laserscan) StdoutLine: {'line': b'-- Install configuration: ""\n'}
[0.281273] (pointcloud_to_laserscan) StdoutLine: {'line': b'-- Up-to-date: /home/lx/ros2/ros/mid-360_ws/install/pointcloud_to_laserscan/lib/pointcloud_to_laserscan/laserscan_to_pointcloud_node\n'}
[0.281367] (pointcloud_to_laserscan) StdoutLine: {'line': b'-- Up-to-date: /home/lx/ros2/ros/mid-360_ws/install/pointcloud_to_laserscan/lib/pointcloud_to_laserscan/pointcloud_to_laserscan_node\n'}
[0.281461] (pointcloud_to_laserscan) StdoutLine: {'line': b'-- Up-to-date: /home/lx/ros2/ros/mid-360_ws/install/pointcloud_to_laserscan/include\n'}
[0.281561] (pointcloud_to_laserscan) StdoutLine: {'line': b'-- Up-to-date: /home/lx/ros2/ros/mid-360_ws/install/pointcloud_to_laserscan/include/pointcloud_to_laserscan\n'}
[0.281646] (pointcloud_to_laserscan) StdoutLine: {'line': b'-- Up-to-date: /home/lx/ros2/ros/mid-360_ws/install/pointcloud_to_laserscan/include/pointcloud_to_laserscan/visibility_control.h\n'}
[0.281711] (pointcloud_to_laserscan) StdoutLine: {'line': b'-- Up-to-date: /home/lx/ros2/ros/mid-360_ws/install/pointcloud_to_laserscan/include/pointcloud_to_laserscan/pointcloud_to_laserscan_node.hpp\n'}
[0.281777] (pointcloud_to_laserscan) StdoutLine: {'line': b'-- Up-to-date: /home/lx/ros2/ros/mid-360_ws/install/pointcloud_to_laserscan/include/pointcloud_to_laserscan/laserscan_to_pointcloud_node.hpp\n'}
[0.281827] (pointcloud_to_laserscan) StdoutLine: {'line': b'-- Up-to-date: /home/lx/ros2/ros/mid-360_ws/install/pointcloud_to_laserscan/share/pointcloud_to_laserscan/environment/library_path.sh\n'}
[0.281879] (pointcloud_to_laserscan) StdoutLine: {'line': b'-- Up-to-date: /home/lx/ros2/ros/mid-360_ws/install/pointcloud_to_laserscan/share/pointcloud_to_laserscan/environment/library_path.dsv\n'}
[0.281946] (pointcloud_to_laserscan) StdoutLine: {'line': b'-- Up-to-date: /home/lx/ros2/ros/mid-360_ws/install/pointcloud_to_laserscan/lib/liblaserscan_to_pointcloud.so\n'}
[0.281997] (pointcloud_to_laserscan) StdoutLine: {'line': b'-- Up-to-date: /home/lx/ros2/ros/mid-360_ws/install/pointcloud_to_laserscan/lib/libpointcloud_to_laserscan.so\n'}
[0.282068] (pointcloud_to_laserscan) StdoutLine: {'line': b'-- Up-to-date: /home/lx/ros2/ros/mid-360_ws/install/pointcloud_to_laserscan/lib/pointcloud_to_laserscan/dummy_pointcloud_publisher\n'}
[0.282168] (pointcloud_to_laserscan) StdoutLine: {'line': b'-- Up-to-date: /home/lx/ros2/ros/mid-360_ws/install/pointcloud_to_laserscan/share/pointcloud_to_laserscan/launch\n'}
[0.282256] (pointcloud_to_laserscan) StdoutLine: {'line': b'-- Up-to-date: /home/lx/ros2/ros/mid-360_ws/install/pointcloud_to_laserscan/share/pointcloud_to_laserscan/launch/sample_pointcloud_to_laserscan_launch.py\n'}
[0.282342] (pointcloud_to_laserscan) StdoutLine: {'line': b'-- Up-to-date: /home/lx/ros2/ros/mid-360_ws/install/pointcloud_to_laserscan/share/pointcloud_to_laserscan/launch/sample_laserscan_to_pointcloud_launch.py\n'}
[0.282434] (pointcloud_to_laserscan) StdoutLine: {'line': b'-- Up-to-date: /home/lx/ros2/ros/mid-360_ws/install/pointcloud_to_laserscan/share/ament_index/resource_index/package_run_dependencies/pointcloud_to_laserscan\n'}
[0.282532] (pointcloud_to_laserscan) StdoutLine: {'line': b'-- Up-to-date: /home/lx/ros2/ros/mid-360_ws/install/pointcloud_to_laserscan/share/ament_index/resource_index/parent_prefix_path/pointcloud_to_laserscan\n'}
[0.282598] (pointcloud_to_laserscan) StdoutLine: {'line': b'-- Up-to-date: /home/lx/ros2/ros/mid-360_ws/install/pointcloud_to_laserscan/share/pointcloud_to_laserscan/environment/ament_prefix_path.sh\n'}
[0.282649] (pointcloud_to_laserscan) StdoutLine: {'line': b'-- Up-to-date: /home/lx/ros2/ros/mid-360_ws/install/pointcloud_to_laserscan/share/pointcloud_to_laserscan/environment/ament_prefix_path.dsv\n'}
[0.282746] (pointcloud_to_laserscan) StdoutLine: {'line': b'-- Up-to-date: /home/lx/ros2/ros/mid-360_ws/install/pointcloud_to_laserscan/share/pointcloud_to_laserscan/environment/path.sh\n'}
[0.282856] (pointcloud_to_laserscan) StdoutLine: {'line': b'-- Up-to-date: /home/lx/ros2/ros/mid-360_ws/install/pointcloud_to_laserscan/share/pointcloud_to_laserscan/environment/path.dsv\n'}
[0.282920] (pointcloud_to_laserscan) StdoutLine: {'line': b'-- Up-to-date: /home/lx/ros2/ros/mid-360_ws/install/pointcloud_to_laserscan/share/pointcloud_to_laserscan/local_setup.bash\n'}
[0.282986] (pointcloud_to_laserscan) StdoutLine: {'line': b'-- Up-to-date: /home/lx/ros2/ros/mid-360_ws/install/pointcloud_to_laserscan/share/pointcloud_to_laserscan/local_setup.sh\n'}
[0.283038] (pointcloud_to_laserscan) StdoutLine: {'line': b'-- Up-to-date: /home/lx/ros2/ros/mid-360_ws/install/pointcloud_to_laserscan/share/pointcloud_to_laserscan/local_setup.zsh\n'}
[0.283087] (pointcloud_to_laserscan) StdoutLine: {'line': b'-- Up-to-date: /home/lx/ros2/ros/mid-360_ws/install/pointcloud_to_laserscan/share/pointcloud_to_laserscan/local_setup.dsv\n'}
[0.283141] (pointcloud_to_laserscan) StdoutLine: {'line': b'-- Installing: /home/lx/ros2/ros/mid-360_ws/install/pointcloud_to_laserscan/share/pointcloud_to_laserscan/package.dsv\n'}
[0.283190] (pointcloud_to_laserscan) StdoutLine: {'line': b'-- Up-to-date: /home/lx/ros2/ros/mid-360_ws/install/pointcloud_to_laserscan/share/ament_index/resource_index/packages/pointcloud_to_laserscan\n'}
[0.283239] (pointcloud_to_laserscan) StdoutLine: {'line': b'-- Up-to-date: /home/lx/ros2/ros/mid-360_ws/install/pointcloud_to_laserscan/share/ament_index/resource_index/rclcpp_components/pointcloud_to_laserscan\n'}
[0.283288] (pointcloud_to_laserscan) StdoutLine: {'line': b'-- Up-to-date: /home/lx/ros2/ros/mid-360_ws/install/pointcloud_to_laserscan/share/pointcloud_to_laserscan/cmake/ament_cmake_export_dependencies-extras.cmake\n'}
[0.283347] (pointcloud_to_laserscan) StdoutLine: {'line': b'-- Up-to-date: /home/lx/ros2/ros/mid-360_ws/install/pointcloud_to_laserscan/share/pointcloud_to_laserscan/cmake/ament_cmake_export_include_directories-extras.cmake\n'}
[0.283397] (pointcloud_to_laserscan) StdoutLine: {'line': b'-- Up-to-date: /home/lx/ros2/ros/mid-360_ws/install/pointcloud_to_laserscan/share/pointcloud_to_laserscan/cmake/ament_cmake_export_libraries-extras.cmake\n'}
[0.283446] (pointcloud_to_laserscan) StdoutLine: {'line': b'-- Up-to-date: /home/lx/ros2/ros/mid-360_ws/install/pointcloud_to_laserscan/share/pointcloud_to_laserscan/cmake/pointcloud_to_laserscanConfig.cmake\n'}
[0.283495] (pointcloud_to_laserscan) StdoutLine: {'line': b'-- Up-to-date: /home/lx/ros2/ros/mid-360_ws/install/pointcloud_to_laserscan/share/pointcloud_to_laserscan/cmake/pointcloud_to_laserscanConfig-version.cmake\n'}
[0.283544] (pointcloud_to_laserscan) StdoutLine: {'line': b'-- Up-to-date: /home/lx/ros2/ros/mid-360_ws/install/pointcloud_to_laserscan/share/pointcloud_to_laserscan/package.xml\n'}
[0.284060] (pointcloud_to_laserscan) CommandEnded: {'returncode': 0}
[0.300544] (-) TimerEvent: {}
[0.401020] (-) TimerEvent: {}
[0.408021] (livox_ros_driver2) StdoutLine: {'line': b'running egg_info\n'}
[0.408580] (livox_ros_driver2) StdoutLine: {'line': b'writing livox_ros_driver2.egg-info/PKG-INFO\n'}
[0.408738] (livox_ros_driver2) StdoutLine: {'line': b'writing dependency_links to livox_ros_driver2.egg-info/dependency_links.txt\n'}
[0.408880] (livox_ros_driver2) StdoutLine: {'line': b'writing top-level names to livox_ros_driver2.egg-info/top_level.txt\n'}
[0.410196] (livox_ros_driver2) StdoutLine: {'line': b"reading manifest file 'livox_ros_driver2.egg-info/SOURCES.txt'\n"}
[0.410721] (livox_ros_driver2) StdoutLine: {'line': b"writing manifest file 'livox_ros_driver2.egg-info/SOURCES.txt'\n"}
[0.434406] (livox_ros_driver2) StdoutLine: {'line': b'[100%] Built target ament_cmake_python_build_livox_ros_driver2_egg\n'}
[0.443529] (pointcloud_to_laserscan) JobEnded: {'identifier': 'pointcloud_to_laserscan', 'rc': 0}
[0.445385] (livox_ros_driver2) CommandEnded: {'returncode': 0}
[0.471246] (livox_ros_driver2) StderrLine: {'line': b'Traceback (most recent call last):\n  File "/usr/lib/python3/dist-packages/colcon_parallel_executor/executor/parallel.py", line 75, in execute\n    loop.run_until_complete(future)\n  File "/usr/lib/python3.10/asyncio/base_events.py", line 636, in run_until_complete\n    self.run_forever()\n  File "/usr/lib/python3.10/asyncio/base_events.py", line 603, in run_forever\n    self._run_once()\n  File "/usr/lib/python3.10/asyncio/base_events.py", line 1871, in _run_once\n    event_list = self._selector.select(timeout)\n  File "/usr/lib/python3.10/selectors.py", line 469, in select\n    fd_event_list = self._selector.poll(timeout, max_ev)\nKeyboardInterrupt\n\nDuring handling of the above exception, another exception occurred:\n\nTraceback (most recent call last):\n  File "/usr/lib/python3/dist-packages/colcon_core/executor/__init__.py", line 91, in __call__\n    rc = await self.task(*args, **kwargs)\n  File "/usr/lib/python3/dist-packages/colcon_core/task/__init__.py", line 93, in __call__\n    return await task_method(*args, **kwargs)\n  File "/usr/lib/python3/dist-packages/colcon_ros/task/ament_cmake/build.py", line 59, in build\n    rc = await extension.build(\n  File "/usr/lib/python3/dist-packages/colcon_cmake/task/cmake/build.py", line 110, in build\n    if await has_target(args.build_base, \'install\'):\n  File "/usr/lib/python3/dist-packages/colcon_cmake/task/cmake/__init__.py", line 57, in has_target\n    return target in await get_makefile_targets(path)\n  File "/usr/lib/python3/dist-packages/colcon_cmake/task/cmake/__init__.py", line 77, in get_makefile_targets\n    output = await check_output([\n  File "/usr/lib/python3/dist-packages/colcon_core/subprocess.py", line 129, in check_output\n    assert not rc, f\'Expected {args} to pass: {stderr_data}\'\nAssertionError: Expected [\'/usr/bin/cmake\', \'--build\', \'/home/lx/ros2/ros/mid-360_ws/build/livox_ros_driver2\', \'--target\', \'help\'] to pass: gmake: *** [Makefile:1302: help] \xe4\xb8\xad\xe6\x96\xad\n\n'}
[0.471404] (livox_ros_driver2) JobEnded: {'identifier': 'livox_ros_driver2', 'rc': 'SIGINT'}
[0.481872] (fast_lio) JobSkipped: {'identifier': 'fast_lio'}
[0.482031] (-) EventReactorShutdown: {}
