[0.113s] Invoking command in '/home/lx/ros2/ros/mid-360_ws/build/livox_ros_driver2': CMAKE_PREFIX_PATH=${CMAKE_PREFIX_PATH}:/opt/ros/humble /usr/bin/cmake --build /home/lx/ros2/ros/mid-360_ws/build/livox_ros_driver2 -- -j12 -l12
[0.162s] [  1%] Built target livox_interfaces2__cpp
[0.162s] [  8%] Built target livox_interfaces2__rosidl_generator_c
[0.171s] [  8%] Built target ament_cmake_python_copy_livox_ros_driver2
[0.171s] [ 12%] Built target livox_ros_driver2_node
[0.185s] [ 31%] Built target livox_interfaces2__rosidl_typesupport_cpp
[0.186s] [ 31%] Built target livox_interfaces2__rosidl_typesupport_fastrtps_cpp
[0.186s] [ 33%] Built target livox_interfaces2__rosidl_typesupport_introspection_cpp
[0.194s] [ 47%] Built target livox_interfaces2__rosidl_typesupport_c
[0.194s] [ 47%] Built target livox_interfaces2__rosidl_typesupport_fastrtps_c
[0.194s] [ 54%] Built target livox_interfaces2__rosidl_typesupport_introspection_c
[0.209s] [ 54%] Built target livox_interfaces2
[0.221s] [ 82%] Built target livox_ros_driver2
[0.226s] [ 84%] Built target livox_interfaces2__py
[0.247s] [ 89%] Built target livox_interfaces2__rosidl_generator_py
[0.266s] [ 96%] Built target livox_ros_driver2__rosidl_typesupport_fastrtps_c__pyext
[0.266s] [ 96%] Built target livox_ros_driver2__rosidl_typesupport_introspection_c__pyext
[0.267s] [100%] Built target livox_ros_driver2__rosidl_typesupport_c__pyext
[0.408s] running egg_info
[0.408s] writing livox_ros_driver2.egg-info/PKG-INFO
[0.408s] writing dependency_links to livox_ros_driver2.egg-info/dependency_links.txt
[0.408s] writing top-level names to livox_ros_driver2.egg-info/top_level.txt
[0.409s] reading manifest file 'livox_ros_driver2.egg-info/SOURCES.txt'
[0.411s] writing manifest file 'livox_ros_driver2.egg-info/SOURCES.txt'
[0.434s] [100%] Built target ament_cmake_python_build_livox_ros_driver2_egg
[0.445s] Invoked command in '/home/lx/ros2/ros/mid-360_ws/build/livox_ros_driver2' returned '0': CMAKE_PREFIX_PATH=${CMAKE_PREFIX_PATH}:/opt/ros/humble /usr/bin/cmake --build /home/lx/ros2/ros/mid-360_ws/build/livox_ros_driver2 -- -j12 -l12
[0.470s] Traceback (most recent call last):
  File "/usr/lib/python3/dist-packages/colcon_parallel_executor/executor/parallel.py", line 75, in execute
    loop.run_until_complete(future)
  File "/usr/lib/python3.10/asyncio/base_events.py", line 636, in run_until_complete
    self.run_forever()
  File "/usr/lib/python3.10/asyncio/base_events.py", line 603, in run_forever
    self._run_once()
  File "/usr/lib/python3.10/asyncio/base_events.py", line 1871, in _run_once
    event_list = self._selector.select(timeout)
  File "/usr/lib/python3.10/selectors.py", line 469, in select
    fd_event_list = self._selector.poll(timeout, max_ev)
KeyboardInterrupt

During handling of the above exception, another exception occurred:

Traceback (most recent call last):
  File "/usr/lib/python3/dist-packages/colcon_core/executor/__init__.py", line 91, in __call__
    rc = await self.task(*args, **kwargs)
  File "/usr/lib/python3/dist-packages/colcon_core/task/__init__.py", line 93, in __call__
    return await task_method(*args, **kwargs)
  File "/usr/lib/python3/dist-packages/colcon_ros/task/ament_cmake/build.py", line 59, in build
    rc = await extension.build(
  File "/usr/lib/python3/dist-packages/colcon_cmake/task/cmake/build.py", line 110, in build
    if await has_target(args.build_base, 'install'):
  File "/usr/lib/python3/dist-packages/colcon_cmake/task/cmake/__init__.py", line 57, in has_target
    return target in await get_makefile_targets(path)
  File "/usr/lib/python3/dist-packages/colcon_cmake/task/cmake/__init__.py", line 77, in get_makefile_targets
    output = await check_output([
  File "/usr/lib/python3/dist-packages/colcon_core/subprocess.py", line 129, in check_output
    assert not rc, f'Expected {args} to pass: {stderr_data}'
AssertionError: Expected ['/usr/bin/cmake', '--build', '/home/lx/ros2/ros/mid-360_ws/build/livox_ros_driver2', '--target', 'help'] to pass: gmake: *** [Makefile:1302: help] 中断

