[0.011s] Invoking command in '/home/lx/ros/topic_test/build/talker': CMAKE_PREFIX_PATH=${CMAKE_PREFIX_PATH}:/opt/ros/humble /usr/bin/cmake --build /home/lx/ros/topic_test/build/talker -- -j12 -l12
[0.060s] [ 75%] Built target talker
[0.060s] [ 50%] [32mBuilding CXX object CMakeFiles/talker_2.dir/src/talker_2.cpp.o[0m
[1.974s] In file included from [01m[K/opt/ros/humble/include/rclcpp/rclcpp/client.hpp:40[m[K,
[1.974s]                  from [01m[K/opt/ros/humble/include/rclcpp/rclcpp/callback_group.hpp:24[m[K,
[1.974s]                  from [01m[K/opt/ros/humble/include/rclcpp/rclcpp/any_executable.hpp:20[m[K,
[1.974s]                  from [01m[K/opt/ros/humble/include/rclcpp/rclcpp/memory_strategy.hpp:25[m[K,
[1.974s]                  from [01m[K/opt/ros/humble/include/rclcpp/rclcpp/memory_strategies.hpp:18[m[K,
[1.974s]                  from [01m[K/opt/ros/humble/include/rclcpp/rclcpp/executor_options.hpp:20[m[K,
[1.974s]                  from [01m[K/opt/ros/humble/include/rclcpp/rclcpp/executor.hpp:37[m[K,
[1.974s]                  from [01m[K/opt/ros/humble/include/rclcpp/rclcpp/executors/multi_threaded_executor.hpp:25[m[K,
[1.975s]                  from [01m[K/opt/ros/humble/include/rclcpp/rclcpp/executors.hpp:21[m[K,
[1.975s]                  from [01m[K/opt/ros/humble/include/rclcpp/rclcpp/rclcpp.hpp:155[m[K,
[1.975s]                  from [01m[K/home/lx/ros/topic_test/src/talker/src/talker_2.cpp:1[m[K:
[1.975s] [01m[K/home/lx/ros/topic_test/src/talker/src/talker_2.cpp:[m[K In function â€˜[01m[Kint main(int, char**)[m[Kâ€™:
[1.975s] [01m[K/home/lx/ros/topic_test/src/talker/src/talker_2.cpp:9:41:[m[K [01;31m[Kerror: [m[Kcannot call member function â€˜[01m[Krclcpp::Logger rclcpp::Node::get_logger() const[m[Kâ€™ without object
[1.975s]     9 |     RCLCPP_INFO([01;31m[Krclcpp::Node::get_logger()[m[K, "talker_2 is working");
[1.975s]       |                 [01;31m[K~~~~~~~~~~~~~~~~~~~~~~~~^~[m[K
[1.975s] [01m[K/home/lx/ros/topic_test/src/talker/src/talker_2.cpp:9:41:[m[K [01;31m[Kerror: [m[Kcannot call member function â€˜[01m[Krclcpp::Logger rclcpp::Node::get_logger() const[m[Kâ€™ without object
[1.975s] [01m[K/home/lx/ros/topic_test/src/talker/src/talker_2.cpp:9:5:[m[K [01;31m[Kerror: [m[Ktemplate argument 1 is invalid
[1.975s]     9 |     [01;31m[KRCLCPP_INFO[m[K(rclcpp::Node::get_logger(), "talker_2 is working");
[1.975s]       |     [01;31m[K^~~~~~~~~~~[m[K
[1.977s] [01m[K/home/lx/ros/topic_test/src/talker/src/talker_2.cpp:9:5:[m[K [01;31m[Kerror: [m[Kâ€˜[01m[K<declaration error>[m[Kâ€™ is not a template [[01;31m[K]8;;https://gcc.gnu.org/onlinedocs/gcc/Warning-Options.html#index-fpermissive-fpermissive]8;;[m[K]
[1.977s]     9 |     [01;31m[KRCLCPP_INFO[m[K(rclcpp::Node::get_logger(), "talker_2 is working");
[1.977s]       |     [01;31m[K^~~~~~~~~~~[m[K
[1.977s] [01m[K/home/lx/ros/topic_test/src/talker/src/talker_2.cpp:9:5:[m[K [01;31m[Kerror: [m[Ktemplate argument 1 is invalid
[1.977s]     9 |     [01;31m[KRCLCPP_INFO[m[K(rclcpp::Node::get_logger(), "talker_2 is working");
[1.977s]       |     [01;31m[K^~~~~~~~~~~[m[K
[1.977s] [01m[K/home/lx/ros/topic_test/src/talker/src/talker_2.cpp:9:5:[m[K [01;31m[Kerror: [m[Kâ€˜[01m[K<declaration error>[m[Kâ€™ is not a template [[01;31m[K]8;;https://gcc.gnu.org/onlinedocs/gcc/Warning-Options.html#index-fpermissive-fpermissive]8;;[m[K]
[1.977s]     9 |     [01;31m[KRCLCPP_INFO[m[K(rclcpp::Node::get_logger(), "talker_2 is working");
[1.977s]       |     [01;31m[K^~~~~~~~~~~[m[K
[1.977s] [01m[K/home/lx/ros/topic_test/src/talker/src/talker_2.cpp:9:5:[m[K [01;31m[Kerror: [m[Ktemplate argument 1 is invalid
[1.977s]     9 |     [01;31m[KRCLCPP_INFO[m[K(rclcpp::Node::get_logger(), "talker_2 is working");
[1.977s]       |     [01;31m[K^~~~~~~~~~~[m[K
[1.978s] In file included from [01m[K/opt/ros/humble/include/rclcpp/rclcpp/logging.hpp:24[m[K,
[1.978s]                  from [01m[K/opt/ros/humble/include/rclcpp/rclcpp/client.hpp:40[m[K,
[1.978s]                  from [01m[K/opt/ros/humble/include/rclcpp/rclcpp/callback_group.hpp:24[m[K,
[1.978s]                  from [01m[K/opt/ros/humble/include/rclcpp/rclcpp/any_executable.hpp:20[m[K,
[1.978s]                  from [01m[K/opt/ros/humble/include/rclcpp/rclcpp/memory_strategy.hpp:25[m[K,
[1.978s]                  from [01m[K/opt/ros/humble/include/rclcpp/rclcpp/memory_strategies.hpp:18[m[K,
[1.978s]                  from [01m[K/opt/ros/humble/include/rclcpp/rclcpp/executor_options.hpp:20[m[K,
[1.978s]                  from [01m[K/opt/ros/humble/include/rclcpp/rclcpp/executor.hpp:37[m[K,
[1.978s]                  from [01m[K/opt/ros/humble/include/rclcpp/rclcpp/executors/multi_threaded_executor.hpp:25[m[K,
[1.978s]                  from [01m[K/opt/ros/humble/include/rclcpp/rclcpp/executors.hpp:21[m[K,
[1.978s]                  from [01m[K/opt/ros/humble/include/rclcpp/rclcpp/rclcpp.hpp:155[m[K,
[1.978s]                  from [01m[K/home/lx/ros/topic_test/src/talker/src/talker_2.cpp:1[m[K:
[1.978s] [01m[K/home/lx/ros/topic_test/src/talker/src/talker_2.cpp:9:41:[m[K [01;31m[Kerror: [m[Kcannot call member function â€˜[01m[Krclcpp::Logger rclcpp::Node::get_logger() const[m[Kâ€™ without object
[1.978s]     9 |     RCLCPP_INFO([01;31m[Krclcpp::Node::get_logger()[m[K, "talker_2 is working");
[1.978s]       |                 [01;31m[K~~~~~~~~~~~~~~~~~~~~~~~~^~[m[K
[1.978s] [01m[K/home/lx/ros/topic_test/src/talker/src/talker_2.cpp:9:41:[m[K [01;31m[Kerror: [m[Kcannot call member function â€˜[01m[Krclcpp::Logger rclcpp::Node::get_logger() const[m[Kâ€™ without object
[1.978s]     9 |     RCLCPP_INFO([01;31m[Krclcpp::Node::get_logger()[m[K, "talker_2 is working");
[1.978s]       |                 [01;31m[K~~~~~~~~~~~~~~~~~~~~~~~~^~[m[K
[2.548s] gmake[2]: *** [CMakeFiles/talker_2.dir/build.make:76ï¼šCMakeFiles/talker_2.dir/src/talker_2.cpp.o] é”™è¯¯ 1
[2.548s] gmake[1]: *** [CMakeFiles/Makefile2:165ï¼šCMakeFiles/talker_2.dir/all] é”™è¯¯ 2
[2.548s] gmake: *** [Makefile:146ï¼šall] é”™è¯¯ 2
[2.549s] Invoked command in '/home/lx/ros/topic_test/build/talker' returned '2': CMAKE_PREFIX_PATH=${CMAKE_PREFIX_PATH}:/opt/ros/humble /usr/bin/cmake --build /home/lx/ros/topic_test/build/talker -- -j12 -l12
