[0.008s] Invoking command in '/home/lx/ros/topic_test/build/talker': CMAKE_PREFIX_PATH=${CMAKE_PREFIX_PATH}:/opt/ros/humble /usr/bin/cmake --build /home/lx/ros/topic_test/build/talker -- -j12 -l12
[0.033s] [35m[1mConsolidate compiler generated dependencies of target talker_2[0m
[0.040s] [ 50%] Built target talker
[0.043s] [ 75%] [32mBuilding CXX object CMakeFiles/talker_2.dir/src/talker_2.cpp.o[0m
[2.046s] In file included from [01m[K/opt/ros/humble/include/rclcpp/rclcpp/client.hpp:40[m[K,
[2.046s]                  from [01m[K/opt/ros/humble/include/rclcpp/rclcpp/callback_group.hpp:24[m[K,
[2.046s]                  from [01m[K/opt/ros/humble/include/rclcpp/rclcpp/any_executable.hpp:20[m[K,
[2.046s]                  from [01m[K/opt/ros/humble/include/rclcpp/rclcpp/memory_strategy.hpp:25[m[K,
[2.046s]                  from [01m[K/opt/ros/humble/include/rclcpp/rclcpp/memory_strategies.hpp:18[m[K,
[2.046s]                  from [01m[K/opt/ros/humble/include/rclcpp/rclcpp/executor_options.hpp:20[m[K,
[2.046s]                  from [01m[K/opt/ros/humble/include/rclcpp/rclcpp/executor.hpp:37[m[K,
[2.046s]                  from [01m[K/opt/ros/humble/include/rclcpp/rclcpp/executors/multi_threaded_executor.hpp:25[m[K,
[2.046s]                  from [01m[K/opt/ros/humble/include/rclcpp/rclcpp/executors.hpp:21[m[K,
[2.046s]                  from [01m[K/opt/ros/humble/include/rclcpp/rclcpp/rclcpp.hpp:155[m[K,
[2.046s]                  from [01m[K/home/lx/ros/topic_test/src/talker/src/talker_2.cpp:1[m[K:
[2.046s] [01m[K/home/lx/ros/topic_test/src/talker/src/talker_2.cpp:[m[K In function â€˜[01m[Kint main(int, char**)[m[Kâ€™:
[2.046s] [01m[K/home/lx/ros/topic_test/src/talker/src/talker_2.cpp:9:17:[m[K [01;31m[Kerror: [m[Kâ€˜[01m[KNode[m[Kâ€™ was not declared in this scope; did you mean â€˜[01m[Krclcpp::Node[m[Kâ€™?
[2.046s]     9 |     RCLCPP_INFO([01;31m[KNode[m[K::get_logger(), "talker_2 is working");
[2.047s]       |                 [01;31m[K^~~~[m[K
[2.047s] In file included from [01m[K/opt/ros/humble/include/rclcpp/rclcpp/executors/single_threaded_executor.hpp:28[m[K,
[2.047s]                  from [01m[K/opt/ros/humble/include/rclcpp/rclcpp/executors.hpp:22[m[K,
[2.047s]                  from [01m[K/opt/ros/humble/include/rclcpp/rclcpp/rclcpp.hpp:155[m[K,
[2.047s]                  from [01m[K/home/lx/ros/topic_test/src/talker/src/talker_2.cpp:1[m[K:
[2.047s] [01m[K/opt/ros/humble/include/rclcpp/rclcpp/node.hpp:77:7:[m[K [01;36m[Knote: [m[Kâ€˜[01m[Krclcpp::Node[m[Kâ€™ declared here
[2.047s]    77 | class [01;36m[KNode[m[K : public std::enable_shared_from_this<Node>
[2.047s]       |       [01;36m[K^~~~[m[K
[2.047s] In file included from [01m[K/opt/ros/humble/include/rclcpp/rclcpp/client.hpp:40[m[K,
[2.047s]                  from [01m[K/opt/ros/humble/include/rclcpp/rclcpp/callback_group.hpp:24[m[K,
[2.047s]                  from [01m[K/opt/ros/humble/include/rclcpp/rclcpp/any_executable.hpp:20[m[K,
[2.047s]                  from [01m[K/opt/ros/humble/include/rclcpp/rclcpp/memory_strategy.hpp:25[m[K,
[2.047s]                  from [01m[K/opt/ros/humble/include/rclcpp/rclcpp/memory_strategies.hpp:18[m[K,
[2.047s]                  from [01m[K/opt/ros/humble/include/rclcpp/rclcpp/executor_options.hpp:20[m[K,
[2.047s]                  from [01m[K/opt/ros/humble/include/rclcpp/rclcpp/executor.hpp:37[m[K,
[2.047s]                  from [01m[K/opt/ros/humble/include/rclcpp/rclcpp/executors/multi_threaded_executor.hpp:25[m[K,
[2.047s]                  from [01m[K/opt/ros/humble/include/rclcpp/rclcpp/executors.hpp:21[m[K,
[2.047s]                  from [01m[K/opt/ros/humble/include/rclcpp/rclcpp/rclcpp.hpp:155[m[K,
[2.048s]                  from [01m[K/home/lx/ros/topic_test/src/talker/src/talker_2.cpp:1[m[K:
[2.048s] [01m[K/home/lx/ros/topic_test/src/talker/src/talker_2.cpp:9:17:[m[K [01;31m[Kerror: [m[Kâ€˜[01m[KNode[m[Kâ€™ is not a class, namespace, or enumeration
[2.048s]     9 |     RCLCPP_INFO([01;31m[KNode[m[K::get_logger(), "talker_2 is working");
[2.048s]       |                 [01;31m[K^~~~[m[K
[2.048s] [01m[K/home/lx/ros/topic_test/src/talker/src/talker_2.cpp:9:5:[m[K [01;31m[Kerror: [m[Ktemplate argument 1 is invalid
[2.048s]     9 |     [01;31m[KRCLCPP_INFO[m[K(Node::get_logger(), "talker_2 is working");
[2.048s]       |     [01;31m[K^~~~~~~~~~~[m[K
[2.048s] [01m[K/home/lx/ros/topic_test/src/talker/src/talker_2.cpp:9:5:[m[K [01;31m[Kerror: [m[Kâ€˜[01m[K<declaration error>[m[Kâ€™ is not a template [[01;31m[K]8;;https://gcc.gnu.org/onlinedocs/gcc/Warning-Options.html#index-fpermissive-fpermissive]8;;[m[K]
[2.048s]     9 |     [01;31m[KRCLCPP_INFO[m[K(Node::get_logger(), "talker_2 is working");
[2.048s]       |     [01;31m[K^~~~~~~~~~~[m[K
[2.048s] [01m[K/home/lx/ros/topic_test/src/talker/src/talker_2.cpp:9:5:[m[K [01;31m[Kerror: [m[Ktemplate argument 1 is invalid
[2.048s]     9 |     [01;31m[KRCLCPP_INFO[m[K(Node::get_logger(), "talker_2 is working");
[2.048s]       |     [01;31m[K^~~~~~~~~~~[m[K
[2.048s] [01m[K/home/lx/ros/topic_test/src/talker/src/talker_2.cpp:9:5:[m[K [01;31m[Kerror: [m[Kâ€˜[01m[K<declaration error>[m[Kâ€™ is not a template [[01;31m[K]8;;https://gcc.gnu.org/onlinedocs/gcc/Warning-Options.html#index-fpermissive-fpermissive]8;;[m[K]
[2.048s]     9 |     [01;31m[KRCLCPP_INFO[m[K(Node::get_logger(), "talker_2 is working");
[2.048s]       |     [01;31m[K^~~~~~~~~~~[m[K
[2.048s] [01m[K/home/lx/ros/topic_test/src/talker/src/talker_2.cpp:9:5:[m[K [01;31m[Kerror: [m[Ktemplate argument 1 is invalid
[2.048s]     9 |     [01;31m[KRCLCPP_INFO[m[K(Node::get_logger(), "talker_2 is working");
[2.048s]       |     [01;31m[K^~~~~~~~~~~[m[K
[2.048s] In file included from [01m[K/opt/ros/humble/include/rclcpp/rclcpp/logging.hpp:24[m[K,
[2.048s]                  from [01m[K/opt/ros/humble/include/rclcpp/rclcpp/client.hpp:40[m[K,
[2.049s]                  from [01m[K/opt/ros/humble/include/rclcpp/rclcpp/callback_group.hpp:24[m[K,
[2.049s]                  from [01m[K/opt/ros/humble/include/rclcpp/rclcpp/any_executable.hpp:20[m[K,
[2.049s]                  from [01m[K/opt/ros/humble/include/rclcpp/rclcpp/memory_strategy.hpp:25[m[K,
[2.049s]                  from [01m[K/opt/ros/humble/include/rclcpp/rclcpp/memory_strategies.hpp:18[m[K,
[2.049s]                  from [01m[K/opt/ros/humble/include/rclcpp/rclcpp/executor_options.hpp:20[m[K,
[2.049s]                  from [01m[K/opt/ros/humble/include/rclcpp/rclcpp/executor.hpp:37[m[K,
[2.049s]                  from [01m[K/opt/ros/humble/include/rclcpp/rclcpp/executors/multi_threaded_executor.hpp:25[m[K,
[2.049s]                  from [01m[K/opt/ros/humble/include/rclcpp/rclcpp/executors.hpp:21[m[K,
[2.049s]                  from [01m[K/opt/ros/humble/include/rclcpp/rclcpp/rclcpp.hpp:155[m[K,
[2.049s]                  from [01m[K/home/lx/ros/topic_test/src/talker/src/talker_2.cpp:1[m[K:
[2.049s] [01m[K/home/lx/ros/topic_test/src/talker/src/talker_2.cpp:9:17:[m[K [01;31m[Kerror: [m[Kâ€˜[01m[KNode[m[Kâ€™ is not a class, namespace, or enumeration
[2.049s]     9 |     RCLCPP_INFO([01;31m[KNode[m[K::get_logger(), "talker_2 is working");
[2.049s]       |                 [01;31m[K^~~~[m[K
[2.049s] [01m[K/home/lx/ros/topic_test/src/talker/src/talker_2.cpp:9:17:[m[K [01;31m[Kerror: [m[Kâ€˜[01m[KNode[m[Kâ€™ is not a class, namespace, or enumeration
[2.049s]     9 |     RCLCPP_INFO([01;31m[KNode[m[K::get_logger(), "talker_2 is working");
[2.049s]       |                 [01;31m[K^~~~[m[K
[2.686s] gmake[2]: *** [CMakeFiles/talker_2.dir/build.make:76ï¼šCMakeFiles/talker_2.dir/src/talker_2.cpp.o] é”™è¯¯ 1
[2.686s] gmake[1]: *** [CMakeFiles/Makefile2:165ï¼šCMakeFiles/talker_2.dir/all] é”™è¯¯ 2
[2.686s] gmake: *** [Makefile:146ï¼šall] é”™è¯¯ 2
[2.688s] Invoked command in '/home/lx/ros/topic_test/build/talker' returned '2': CMAKE_PREFIX_PATH=${CMAKE_PREFIX_PATH}:/opt/ros/humble /usr/bin/cmake --build /home/lx/ros/topic_test/build/talker -- -j12 -l12
