[0mCurrent CPU archtecture: x86_64[0m
[0mProcesser number:  12[0m
[0mcore for MP: 3[0m
-- Found PythonLibs: /usr/lib/x86_64-linux-gnu/libpython3.10.so (found version "3.10.12") 
-- Found ament_cmake: 1.3.5 (/opt/ros/humble/share/ament_cmake/cmake)
-- Override CMake install command with custom implementation using symlinks instead of copying resources
-- Found rclcpp: 16.0.6 (/opt/ros/humble/share/rclcpp/cmake)
-- Found rosidl_generator_c: 3.1.5 (/opt/ros/humble/share/rosidl_generator_c/cmake)
-- Found rosidl_adapter: 3.1.5 (/opt/ros/humble/share/rosidl_adapter/cmake)
-- Found rosidl_generator_cpp: 3.1.5 (/opt/ros/humble/share/rosidl_generator_cpp/cmake)
-- Using all available rosidl_typesupport_c: rosidl_typesupport_fastrtps_c;rosidl_typesupport_introspection_c
-- Using all available rosidl_typesupport_cpp: rosidl_typesupport_fastrtps_cpp;rosidl_typesupport_introspection_cpp
-- Found rmw_implementation_cmake: 6.1.1 (/opt/ros/humble/share/rmw_implementation_cmake/cmake)
-- Found rmw_fastrtps_cpp: 6.2.4 (/opt/ros/humble/share/rmw_fastrtps_cpp/cmake)
-- Using RMW implementation 'rmw_fastrtps_cpp' as default
-- Found rclcpp_components: 16.0.6 (/opt/ros/humble/share/rclcpp_components/cmake)
-- Found geometry_msgs: 4.2.3 (/opt/ros/humble/share/geometry_msgs/cmake)
-- Found nav_msgs: 4.2.3 (/opt/ros/humble/share/nav_msgs/cmake)
-- Found sensor_msgs: 4.2.3 (/opt/ros/humble/share/sensor_msgs/cmake)
-- Found std_srvs: 4.2.3 (/opt/ros/humble/share/std_srvs/cmake)
-- Found visualization_msgs: 4.2.3 (/opt/ros/humble/share/visualization_msgs/cmake)
-- Found pcl_ros: 2.4.0 (/opt/ros/humble/share/pcl_ros/cmake)
-- Found eigen3_cmake_module: 0.1.1 (/opt/ros/humble/share/eigen3_cmake_module/cmake)
-- Ensuring Eigen3 include directory is part of orocos-kdl CMake target
-- Eigen found (include: /usr/include/eigen3, version: 3.4.0)
-- FLANN found (include: /usr/include, lib: /usr/lib/x86_64-linux-gnu/libflann_cpp.so)
-- OpenNI found (version: 1.5.4.0, include: /usr/include/ni, lib: /usr/lib/libOpenNI.so;libusb::libusb)
-- OpenNI2 found (version: 2.2.0.33, include: /usr/include/openni2, lib: /usr/lib/x86_64-linux-gnu/libOpenNI2.so;libusb::libusb)
-- Eigen found (include: /usr/include/eigen3, version: 3.4.0)
-- OpenNI found (version: 1.5.4.0, include: /usr/include/ni, lib: /usr/lib/libOpenNI.so;libusb::libusb)
-- OpenNI2 found (version: 2.2.0.33, include: /usr/include/openni2, lib: /usr/lib/x86_64-linux-gnu/libOpenNI2.so;libusb::libusb)
-- Found Qhull version 8.0.2
-- OpenNI found (version: 1.5.4.0, include: /usr/include/ni, lib: /usr/lib/libOpenNI.so;libusb::libusb)
-- Found livox_interfaces: 0.0.1 (/home/lx/ros2/ros/mid-70_ws/install/livox_interfaces/share/livox_interfaces/cmake)
-- Found rosidl_default_generators: 1.2.0 (/opt/ros/humble/share/rosidl_default_generators/cmake)
[33mCMake Warning (dev) at CMakeLists.txt:81 (find_package):
  Policy CMP0074 is not set: find_package uses <PackageName>_ROOT variables.
  Run "cmake --help-policy CMP0074" for policy details.  Use the cmake_policy
  command to set the policy and suppress this warning.

  CMake variable PCL_ROOT is set to:

    /usr

  For compatibility, CMake is ignoring the variable.
This warning is for project developers.  Use -Wno-dev to suppress it.
[0m
-- PCL: /usr/include/pcl-1.12
[0mEigen:/usr/local/include/eigen3[0m
-- Found ament_cmake_ros: 0.10.0 (/opt/ros/humble/share/ament_cmake_ros/cmake)
-- Using all available rosidl_typesupport_c: rosidl_typesupport_fastrtps_c;rosidl_typesupport_introspection_c
-- Using all available rosidl_typesupport_cpp: rosidl_typesupport_fastrtps_cpp;rosidl_typesupport_introspection_cpp
-- Found python_cmake_module: 0.10.0 (/opt/ros/humble/share/python_cmake_module/cmake)
-- Found PythonLibs: /usr/lib/x86_64-linux-gnu/libpython3.10.so (found suitable version "3.10.12", minimum required is "3.5") 
-- Using PYTHON_EXECUTABLE: /usr/bin/python3
-- Using PYTHON_INCLUDE_DIRS: /usr/include/python3.10
-- Using PYTHON_LIBRARIES: /usr/lib/x86_64-linux-gnu/libpython3.10.so
-- Configuring done
-- Generating done
-- Build files have been written to: /home/lx/ros2/ros/mid-70_ws/build/fast_lio
[35m[1mConsolidate compiler generated dependencies of target fast_lio__rosidl_generator_c[0m
[  2%] Built target fast_lio__cpp
[ 11%] Built target fast_lio__rosidl_generator_c
[ 11%] Built target ament_cmake_python_symlink_fast_lio
[35m[1mConsolidate compiler generated dependencies of target fast_lio__rosidl_typesupport_introspection_c[0m
[35m[1mConsolidate compiler generated dependencies of target fast_lio__rosidl_typesupport_cpp[0m
[35m[1mConsolidate compiler generated dependencies of target fast_lio__rosidl_typesupport_fastrtps_cpp[0m
[35m[1mConsolidate compiler generated dependencies of target fast_lio__rosidl_typesupport_c[0m
[35m[1mConsolidate compiler generated dependencies of target fast_lio__rosidl_typesupport_introspection_cpp[0m
[ 20%] Built target fast_lio__rosidl_typesupport_introspection_c
[35m[1mConsolidate compiler generated dependencies of target fast_lio__rosidl_typesupport_fastrtps_c[0m
[ 37%] Built target fast_lio__rosidl_typesupport_cpp
[ 37%] Built target fast_lio__rosidl_typesupport_fastrtps_cpp
[ 54%] Built target fast_lio__rosidl_typesupport_introspection_cpp
[ 54%] Built target fast_lio__rosidl_typesupport_c
[ 62%] Built target fast_lio__rosidl_typesupport_fastrtps_c
[35m[1mConsolidate compiler generated dependencies of target fastlio_mapping[0m
[ 62%] Built target fast_lio
[ 65%] Built target fast_lio__py
[ 71%] [32mBuilding CXX object CMakeFiles/fastlio_mapping.dir/src/laserMapping.cpp.o[0m
[ 71%] [32mBuilding CXX object CMakeFiles/fastlio_mapping.dir/include/ikd-Tree/ikd_Tree.cpp.o[0m
[ 74%] [32mBuilding CXX object CMakeFiles/fastlio_mapping.dir/src/preprocess.cpp.o[0m
[35m[1mConsolidate compiler generated dependencies of target fast_lio__rosidl_generator_py[0m
[ 80%] Built target fast_lio__rosidl_generator_py
[35m[1mConsolidate compiler generated dependencies of target fast_lio__rosidl_typesupport_c__pyext[0m
[35m[1mConsolidate compiler generated dependencies of target fast_lio__rosidl_typesupport_introspection_c__pyext[0m
[35m[1mConsolidate compiler generated dependencies of target fast_lio__rosidl_typesupport_fastrtps_c__pyext[0m
[ 97%] Built target fast_lio__rosidl_typesupport_c__pyext
[ 97%] Built target fast_lio__rosidl_typesupport_fastrtps_c__pyext
[ 97%] Built target fast_lio__rosidl_typesupport_introspection_c__pyext
running egg_info
writing fast_lio.egg-info/PKG-INFO
writing dependency_links to fast_lio.egg-info/dependency_links.txt
writing top-level names to fast_lio.egg-info/top_level.txt
reading manifest file 'fast_lio.egg-info/SOURCES.txt'
writing manifest file 'fast_lio.egg-info/SOURCES.txt'
[ 97%] Built target ament_cmake_python_build_fast_lio_egg
In file included from [01m[K/home/lx/ros2/ros/mid-70_ws/src/FAST_LIO/src/preprocess.cpp:1[m[K:
[01m[K/home/lx/ros2/ros/mid-70_ws/src/FAST_LIO/src/preprocess.h:158:27:[m[K [01;31m[Kerror: [m[K‚Äò[01m[Klivox_ros_driver2[m[K‚Äô does not name a type
  158 |   void avia_handler(const [01;31m[Klivox_ros_driver2[m[K::msg::CustomMsg::UniquePtr &msg);
      |                           [01;31m[K^~~~~~~~~~~~~~~~~[m[K
[01m[K/home/lx/ros2/ros/mid-70_ws/src/FAST_LIO/src/preprocess.h:158:49:[m[K [01;31m[Kerror: [m[Kexpected unqualified-id before ‚Äò[01m[K::[m[K‚Äô token
  158 |   void avia_handler(const livox_ros_driver2::msg[01;31m[K::[m[KCustomMsg::UniquePtr &msg);
      |                                                 [01;31m[K^~[m[K
[01m[K/home/lx/ros2/ros/mid-70_ws/src/FAST_LIO/src/preprocess.h:158:49:[m[K [01;31m[Kerror: [m[Kexpected ‚Äò[01m[K)[m[K‚Äô before ‚Äò[01m[K::[m[K‚Äô token
  158 |   void avia_handler[34m[K([m[Kconst livox_ros_driver2::msg[01;31m[K:[m[K[32m[K:[m[KCustomMsg::UniquePtr &msg);
      |                    [34m[K~[m[K                            [01;31m[K^[m[K[32m[K~[m[K
      |                                                 [32m[K)[m[K
[01m[K/home/lx/ros2/ros/mid-70_ws/src/FAST_LIO/src/preprocess.h:158:46:[m[K [01;31m[Kerror: [m[Kexpected ‚Äò[01m[K;[m[K‚Äô at end of member declaration
  158 |   void avia_handler(const livox_ros_driver2::[01;31m[Kmsg[m[K::CustomMsg::UniquePtr &msg);
      |                                              [01;31m[K^~~[m[K
      |                                                 [32m[K;[m[K
[01m[K/home/lx/ros2/ros/mid-70_ws/src/FAST_LIO/src/preprocess.h:158:51:[m[K [01;31m[Kerror: [m[K‚Äò[01m[KCustomMsg[m[K‚Äô in namespace ‚Äò[01m[K::[m[K‚Äô does not name a type
  158 |   void avia_handler(const livox_ros_driver2::msg::[01;31m[KCustomMsg[m[K::UniquePtr &msg);
      |                                                   [01;31m[K^~~~~~~~~[m[K
[01m[K/home/lx/ros2/ros/mid-70_ws/src/FAST_LIO/src/preprocess.cpp:47:32:[m[K [01;31m[Kerror: [m[K‚Äò[01m[Klivox_ros_driver2[m[K‚Äô does not name a type
   47 | void Preprocess::process(const [01;31m[Klivox_ros_driver2[m[K::msg::CustomMsg::UniquePtr &msg, PointCloudXYZI::Ptr& pcl_out)
      |                                [01;31m[K^~~~~~~~~~~~~~~~~[m[K
[01m[K/home/lx/ros2/ros/mid-70_ws/src/FAST_LIO/src/preprocess.cpp:47:54:[m[K [01;31m[Kerror: [m[Kexpected unqualified-id before ‚Äò[01m[K::[m[K‚Äô token
   47 | void Preprocess::process(const livox_ros_driver2::msg[01;31m[K::[m[KCustomMsg::UniquePtr &msg, PointCloudXYZI::Ptr& pcl_out)
      |                                                      [01;31m[K^~[m[K
[01m[K/home/lx/ros2/ros/mid-70_ws/src/FAST_LIO/src/preprocess.cpp:47:54:[m[K [01;31m[Kerror: [m[Kexpected ‚Äò[01m[K)[m[K‚Äô before ‚Äò[01m[K::[m[K‚Äô token
   47 | void Preprocess::process[34m[K([m[Kconst livox_ros_driver2::msg[01;31m[K:[m[K[32m[K:[m[KCustomMsg::UniquePtr &msg, PointCloudXYZI::Ptr& pcl_out)
      |                         [34m[K~[m[K                            [01;31m[K^[m[K[32m[K~[m[K
      |                                                      [32m[K)[m[K
[01m[K/home/lx/ros2/ros/mid-70_ws/src/FAST_LIO/src/preprocess.cpp:47:54:[m[K [01;31m[Kerror: [m[Kexpected initializer before ‚Äò[01m[K::[m[K‚Äô token
   47 | void Preprocess::process(const livox_ros_driver2::msg[01;31m[K::[m[KCustomMsg::UniquePtr &msg, PointCloudXYZI::Ptr& pcl_out)
      |                                                      [01;31m[K^~[m[K
[01m[K/home/lx/ros2/ros/mid-70_ws/src/FAST_LIO/src/preprocess.cpp:95:37:[m[K [01;31m[Kerror: [m[K‚Äò[01m[Klivox_ros_driver2[m[K‚Äô does not name a type
   95 | void Preprocess::avia_handler(const [01;31m[Klivox_ros_driver2[m[K::msg::CustomMsg::UniquePtr &msg)
      |                                     [01;31m[K^~~~~~~~~~~~~~~~~[m[K
[01m[K/home/lx/ros2/ros/mid-70_ws/src/FAST_LIO/src/preprocess.cpp:95:59:[m[K [01;31m[Kerror: [m[Kexpected unqualified-id before ‚Äò[01m[K::[m[K‚Äô token
   95 | void Preprocess::avia_handler(const livox_ros_driver2::msg[01;31m[K::[m[KCustomMsg::UniquePtr &msg)
      |                                                           [01;31m[K^~[m[K
[01m[K/home/lx/ros2/ros/mid-70_ws/src/FAST_LIO/src/preprocess.cpp:95:59:[m[K [01;31m[Kerror: [m[Kexpected ‚Äò[01m[K)[m[K‚Äô before ‚Äò[01m[K::[m[K‚Äô token
   95 | void Preprocess::avia_handler[34m[K([m[Kconst livox_ros_driver2::msg[01;31m[K:[m[K[32m[K:[m[KCustomMsg::UniquePtr &msg)
      |                              [34m[K~[m[K                            [01;31m[K^[m[K[32m[K~[m[K
      |                                                           [32m[K)[m[K
[01m[K/home/lx/ros2/ros/mid-70_ws/src/FAST_LIO/src/preprocess.cpp:95:59:[m[K [01;31m[Kerror: [m[Kexpected initializer before ‚Äò[01m[K::[m[K‚Äô token
   95 | void Preprocess::avia_handler(const livox_ros_driver2::msg[01;31m[K::[m[KCustomMsg::UniquePtr &msg)
      |                                                           [01;31m[K^~[m[K
gmake[2]: *** [CMakeFiles/fastlio_mapping.dir/build.make:104ÔºöCMakeFiles/fastlio_mapping.dir/src/preprocess.cpp.o] ÈîôËØØ 1
gmake[2]: *** Ê≠£Âú®Á≠âÂæÖÊú™ÂÆåÊàêÁöÑ‰ªªÂä°....
In file included from [01m[K/usr/include/boost/smart_ptr/detail/sp_thread_sleep.hpp:22[m[K,
                 from [01m[K/usr/include/boost/smart_ptr/detail/yield_k.hpp:23[m[K,
                 from [01m[K/usr/include/boost/smart_ptr/detail/spinlock_gcc_atomic.hpp:14[m[K,
                 from [01m[K/usr/include/boost/smart_ptr/detail/spinlock.hpp:42[m[K,
                 from [01m[K/usr/include/boost/smart_ptr/detail/spinlock_pool.hpp:25[m[K,
                 from [01m[K/usr/include/boost/smart_ptr/shared_ptr.hpp:29[m[K,
                 from [01m[K/usr/include/boost/shared_ptr.hpp:17[m[K,
                 from [01m[K/usr/include/boost/date_time/microsec_time_clock.hpp:18[m[K,
                 from [01m[K/usr/include/boost/interprocess/detail/posix_time_types_wrk.hpp:31[m[K,
                 from [01m[K/usr/include/boost/interprocess/detail/os_thread_functions.hpp:36[m[K,
                 from [01m[K/usr/include/boost/interprocess/sync/file_lock.hpp:26[m[K,
                 from [01m[K/usr/include/pcl-1.12/pcl/io/pcd_io.h:46[m[K,
                 from [01m[K/opt/ros/humble/include/pcl_conversions/pcl_conversions.h:72[m[K,
                 from [01m[K/home/lx/ros2/ros/mid-70_ws/src/FAST_LIO/src/IMU_Processing.hpp:18[m[K,
                 from [01m[K/home/lx/ros2/ros/mid-70_ws/src/FAST_LIO/src/laserMapping.cpp:47[m[K:
[01m[K/usr/include/boost/bind.hpp:36:1:[m[K [01;36m[Knote: [m[K‚Äò[01m[K#pragma message: The practice of declaring the Bind placeholders (_1, _2, ...) in the global namespace is deprecated. Please use <boost/bind/bind.hpp> + using namespace boost::placeholders, or define BOOST_BIND_GLOBAL_PLACEHOLDERS to retain the current behavior.[m[K‚Äô
   36 | [01;36m[KBOOST_PRAGMA_MESSAGE[m[K(
      | [01;36m[K^~~~~~~~~~~~~~~~~~~~[m[K
In file included from [01m[K/home/lx/ros2/ros/mid-70_ws/src/FAST_LIO/src/laserMapping.cpp:63[m[K:
[01m[K/home/lx/ros2/ros/mid-70_ws/src/FAST_LIO/src/preprocess.h:158:27:[m[K [01;31m[Kerror: [m[K‚Äò[01m[Klivox_ros_driver2[m[K‚Äô does not name a type
  158 |   void avia_handler(const [01;31m[Klivox_ros_driver2[m[K::msg::CustomMsg::UniquePtr &msg);
      |                           [01;31m[K^~~~~~~~~~~~~~~~~[m[K
[01m[K/home/lx/ros2/ros/mid-70_ws/src/FAST_LIO/src/preprocess.h:158:49:[m[K [01;31m[Kerror: [m[Kexpected unqualified-id before ‚Äò[01m[K::[m[K‚Äô token
  158 |   void avia_handler(const livox_ros_driver2::msg[01;31m[K::[m[KCustomMsg::UniquePtr &msg);
      |                                                 [01;31m[K^~[m[K
[01m[K/home/lx/ros2/ros/mid-70_ws/src/FAST_LIO/src/preprocess.h:158:49:[m[K [01;31m[Kerror: [m[Kexpected ‚Äò[01m[K)[m[K‚Äô before ‚Äò[01m[K::[m[K‚Äô token
  158 |   void avia_handler[34m[K([m[Kconst livox_ros_driver2::msg[01;31m[K:[m[K[32m[K:[m[KCustomMsg::UniquePtr &msg);
      |                    [34m[K~[m[K                            [01;31m[K^[m[K[32m[K~[m[K
      |                                                 [32m[K)[m[K
[01m[K/home/lx/ros2/ros/mid-70_ws/src/FAST_LIO/src/preprocess.h:158:46:[m[K [01;31m[Kerror: [m[Kexpected ‚Äò[01m[K;[m[K‚Äô at end of member declaration
  158 |   void avia_handler(const livox_ros_driver2::[01;31m[Kmsg[m[K::CustomMsg::UniquePtr &msg);
      |                                              [01;31m[K^~~[m[K
      |                                                 [32m[K;[m[K
[01m[K/home/lx/ros2/ros/mid-70_ws/src/FAST_LIO/src/preprocess.h:158:51:[m[K [01;31m[Kerror: [m[K‚Äò[01m[KCustomMsg[m[K‚Äô in namespace ‚Äò[01m[K::[m[K‚Äô does not name a type
  158 |   void avia_handler(const livox_ros_driver2::msg::[01;31m[KCustomMsg[m[K::UniquePtr &msg);
      |                                                   [01;31m[K^~~~~~~~~[m[K
[01m[K/home/lx/ros2/ros/mid-70_ws/src/FAST_LIO/src/laserMapping.cpp:311:26:[m[K [01;31m[Kerror: [m[K‚Äò[01m[Klivox_ros_driver2[m[K‚Äô does not name a type
  311 | void livox_pcl_cbk(const [01;31m[Klivox_ros_driver2[m[K::msg::CustomMsg::UniquePtr msg)
      |                          [01;31m[K^~~~~~~~~~~~~~~~~[m[K
[01m[K/home/lx/ros2/ros/mid-70_ws/src/FAST_LIO/src/laserMapping.cpp:311:48:[m[K [01;31m[Kerror: [m[Kexpected unqualified-id before ‚Äò[01m[K::[m[K‚Äô token
  311 | void livox_pcl_cbk(const livox_ros_driver2::msg[01;31m[K::[m[KCustomMsg::UniquePtr msg)
      |                                                [01;31m[K^~[m[K
[01m[K/home/lx/ros2/ros/mid-70_ws/src/FAST_LIO/src/laserMapping.cpp:311:48:[m[K [01;31m[Kerror: [m[Kexpected ‚Äò[01m[K)[m[K‚Äô before ‚Äò[01m[K::[m[K‚Äô token
  311 | void livox_pcl_cbk[34m[K([m[Kconst livox_ros_driver2::msg[01;31m[K:[m[K[32m[K:[m[KCustomMsg::UniquePtr msg)
      |                   [34m[K~[m[K                            [01;31m[K^[m[K[32m[K~[m[K
      |                                                [32m[K)[m[K
[01m[K/home/lx/ros2/ros/mid-70_ws/src/FAST_LIO/src/laserMapping.cpp:311:48:[m[K [01;31m[Kerror: [m[Kexpected initializer before ‚Äò[01m[K::[m[K‚Äô token
  311 | void livox_pcl_cbk(const livox_ros_driver2::msg[01;31m[K::[m[KCustomMsg::UniquePtr msg)
      |                                                [01;31m[K^~[m[K
[01m[K/home/lx/ros2/ros/mid-70_ws/src/FAST_LIO/src/laserMapping.cpp:1139:26:[m[K [01;31m[Kerror: [m[K‚Äò[01m[Klivox_ros_driver2[m[K‚Äô was not declared in this scope
 1139 |     rclcpp::Subscription<[01;31m[Klivox_ros_driver2[m[K::msg::CustomMsg>::SharedPtr sub_pcl_livox_;
      |                          [01;31m[K^~~~~~~~~~~~~~~~~[m[K
[01m[K/home/lx/ros2/ros/mid-70_ws/src/FAST_LIO/src/laserMapping.cpp:1139:59:[m[K [01;31m[Kerror: [m[Ktemplate argument 1 is invalid
 1139 |     rclcpp::Subscription<livox_ros_driver2::msg::CustomMsg[01;31m[K>[m[K::SharedPtr sub_pcl_livox_;
      |                                                           [01;31m[K^[m[K
[01m[K/home/lx/ros2/ros/mid-70_ws/src/FAST_LIO/src/laserMapping.cpp:1139:59:[m[K [01;31m[Kerror: [m[Ktemplate argument 3 is invalid
[01m[K/home/lx/ros2/ros/mid-70_ws/src/FAST_LIO/src/laserMapping.cpp:1139:59:[m[K [01;31m[Kerror: [m[Ktemplate argument 4 is invalid
[01m[K/home/lx/ros2/ros/mid-70_ws/src/FAST_LIO/src/laserMapping.cpp:1139:59:[m[K [01;31m[Kerror: [m[Ktemplate argument 5 is invalid
[01m[K/home/lx/ros2/ros/mid-70_ws/src/FAST_LIO/src/laserMapping.cpp:1139:62:[m[K [01;31m[Kerror: [m[Kexpected ‚Äò[01m[K;[m[K‚Äô at end of member declaration
 1139 |     rclcpp::Subscription<livox_ros_driver2::msg::CustomMsg>::[01;31m[KSharedPtr[m[K sub_pcl_livox_;
      |                                                              [01;31m[K^~~~~~~~~[m[K
      |                                                                       [32m[K;[m[K
[01m[K/home/lx/ros2/ros/mid-70_ws/src/FAST_LIO/src/laserMapping.cpp:1139:72:[m[K [01;31m[Kerror: [m[K‚Äò[01m[Ksub_pcl_livox_[m[K‚Äô does not name a type
 1139 | cpp::Subscription<livox_ros_driver2::msg::CustomMsg>::SharedPtr [01;31m[Ksub_pcl_livox_[m[K;
      |                                                                 [01;31m[K^~~~~~~~~~~~~~[m[K

[01m[K/home/lx/ros2/ros/mid-70_ws/src/FAST_LIO/src/laserMapping.cpp:[m[K In constructor ‚Äò[01m[KLaserMappingNode::LaserMappingNode(const rclcpp::NodeOptions&)[m[K‚Äô:
[01m[K/home/lx/ros2/ros/mid-70_ws/src/FAST_LIO/src/laserMapping.cpp:922:13:[m[K [01;31m[Kerror: [m[K‚Äò[01m[Ksub_pcl_livox_[m[K‚Äô was not declared in this scope; did you mean ‚Äò[01m[Ksub_pcl_pc_[m[K‚Äô?
  922 |             [01;31m[Ksub_pcl_livox_[m[K = this->create_subscription<livox_ros_driver2::msg::CustomMsg>(lid_topic, 20, livox_pcl_cbk);
      |             [01;31m[K^~~~~~~~~~~~~~[m[K
      |             [32m[Ksub_pcl_pc_[m[K
[01m[K/home/lx/ros2/ros/mid-70_ws/src/FAST_LIO/src/laserMapping.cpp:922:56:[m[K [01;31m[Kerror: [m[K‚Äò[01m[Klivox_ros_driver2[m[K‚Äô was not declared in this scope
  922 |             sub_pcl_livox_ = this->create_subscription<[01;31m[Klivox_ros_driver2[m[K::msg::CustomMsg>(lid_topic, 20, livox_pcl_cbk);
      |                                                        [01;31m[K^~~~~~~~~~~~~~~~~[m[K
[01m[K/home/lx/ros2/ros/mid-70_ws/src/FAST_LIO/src/laserMapping.cpp:922:36:[m[K [01;31m[Kerror: [m[Kparse error in template argument list
  922 |             sub_pcl_livox_ = this->[01;31m[Kcreate_subscription<livox_ros_driver2::msg::CustomMsg>[m[K(lid_topic, 20, livox_pcl_cbk);
      |                                    [01;31m[K^~~~~~~~~~~~~~~~~~~~~~~~~~~~~~~~~~~~~~~~~~~~~~~~~~~~~~[m[K
[01m[K/home/lx/ros2/ros/mid-70_ws/src/FAST_LIO/src/laserMapping.cpp:922:106:[m[K [01;31m[Kerror: [m[K‚Äò[01m[Klivox_pcl_cbk[m[K‚Äô was not declared in this scope
  922 | _subscription<livox_ros_driver2::msg::CustomMsg>(lid_topic, 20, [01;31m[Klivox_pcl_cbk[m[K);
      |                                                                 [01;31m[K^~~~~~~~~~~~~[m[K

gmake[2]: *** [CMakeFiles/fastlio_mapping.dir/build.make:76ÔºöCMakeFiles/fastlio_mapping.dir/src/laserMapping.cpp.o] ÈîôËØØ 1
gmake[1]: *** [CMakeFiles/Makefile2:593ÔºöCMakeFiles/fastlio_mapping.dir/all] ÈîôËØØ 2
gmake: *** [Makefile:146Ôºöall] ÈîôËØØ 2
