-- Found ament_cmake: 1.3.5 (/opt/ros/humble/share/ament_cmake/cmake)
-- Override CMake install command with custom implementation using symlinks instead of copying resources
-- Found std_msgs: 4.2.3 (/opt/ros/humble/share/std_msgs/cmake)
-- Found rosidl_generator_c: 3.1.5 (/opt/ros/humble/share/rosidl_generator_c/cmake)
-- Found rosidl_adapter: 3.1.5 (/opt/ros/humble/share/rosidl_adapter/cmake)
-- Found rosidl_generator_cpp: 3.1.5 (/opt/ros/humble/share/rosidl_generator_cpp/cmake)
-- Using all available rosidl_typesupport_c: rosidl_typesupport_fastrtps_c;rosidl_typesupport_introspection_c
-- Using all available rosidl_typesupport_cpp: rosidl_typesupport_fastrtps_cpp;rosidl_typesupport_introspection_cpp
-- Found rosidl_default_generators: 1.2.0 (/opt/ros/humble/share/rosidl_default_generators/cmake)
-- Found ament_cmake_ros: 0.10.0 (/opt/ros/humble/share/ament_cmake_ros/cmake)
-- Using all available rosidl_typesupport_c: rosidl_typesupport_fastrtps_c;rosidl_typesupport_introspection_c
-- Using all available rosidl_typesupport_cpp: rosidl_typesupport_fastrtps_cpp;rosidl_typesupport_introspection_cpp
-- Found python_cmake_module: 0.10.0 (/opt/ros/humble/share/python_cmake_module/cmake)
-- Using PYTHON_EXECUTABLE: /usr/bin/python3
-- Using PYTHON_INCLUDE_DIRS: /usr/include/python3.10
-- Using PYTHON_LIBRARIES: /usr/lib/x86_64-linux-gnu/libpython3.10.so
-- Found ament_lint_auto: 0.12.8 (/opt/ros/humble/share/ament_lint_auto/cmake)
-- Added test 'copyright' to check source files copyright and LICENSE
-- Added test 'lint_cmake' to check CMake code style
-- Added test 'xmllint' to check XML markup files
-- Configuring done
-- Generating done
-- Build files have been written to: /home/lx/ros2/ros/mid-70_ws/build/livox_interfaces
[35m[1mConsolidate compiler generated dependencies of target livox_interfaces__rosidl_generator_c[0m
failed to create symbolic link '/home/lx/ros2/ros/mid-70_ws/build/livox_interfaces/ament_cmake_python/livox_interfaces/livox_interfaces' because existing path cannot be removed: Is a directory
[  2%] Built target livox_interfaces__cpp
gmake[2]: *** [CMakeFiles/ament_cmake_python_symlink_livox_interfaces.dir/build.make:70：CMakeFiles/ament_cmake_python_symlink_livox_interfaces] 错误 1
gmake[1]: *** [CMakeFiles/Makefile2:421：CMakeFiles/ament_cmake_python_symlink_livox_interfaces.dir/all] 错误 2
gmake[1]: *** 正在等待未完成的任务....
[ 12%] Built target livox_interfaces__rosidl_generator_c
gmake: *** [Makefile:146：all] 错误 2
