[0.013s] Invoking command in '/home/lx/ros/topic_test/build/talker': CMAKE_PREFIX_PATH=${CMAKE_PREFIX_PATH}:/opt/ros/humble /usr/bin/cmake --build /home/lx/ros/topic_test/build/talker -- -j12 -l12
[0.046s] [ 50%] [32mBuilding CXX object CMakeFiles/talker.dir/src/talker.cpp.o[0m
[0.198s] [01m[K/home/lx/ros/topic_test/src/talker/src/talker.cpp:2:10:[m[K [01;31m[Kfatal error: [m[Kstd_msgs/msg/string.hpp: æ²¡æœ‰é‚£ä¸ªæ–‡ä»¶æˆ–ç›®å½•
[0.198s]     2 | #include [01;31m[K"std_msgs/msg/string.hpp"[m[K
[0.198s]       |          [01;31m[K^~~~~~~~~~~~~~~~~~~~~~~~~[m[K
[0.199s] compilation terminated.
[0.202s] gmake[2]: *** [CMakeFiles/talker.dir/build.make:76ï¼šCMakeFiles/talker.dir/src/talker.cpp.o] é”™è¯¯ 1
[0.203s] gmake[1]: *** [CMakeFiles/Makefile2:137ï¼šCMakeFiles/talker.dir/all] é”™è¯¯ 2
[0.203s] gmake: *** [Makefile:146ï¼šall] é”™è¯¯ 2
[0.204s] Invoked command in '/home/lx/ros/topic_test/build/talker' returned '2': CMAKE_PREFIX_PATH=${CMAKE_PREFIX_PATH}:/opt/ros/humble /usr/bin/cmake --build /home/lx/ros/topic_test/build/talker -- -j12 -l12
