[0.484s] Invoking command in '/home/lx/ros2/ros/nav2_ws/build/nav2_mppi_controller': AMENT_PREFIX_PATH=/home/lx/ros2/ros/nav2_ws/install/nav2_core:/home/lx/ros2/ros/nav2_ws/install/nav2_costmap_2d:/home/lx/ros2/ros/nav2_ws/install/nav2_util:/home/lx/ros2/ros/nav2_ws/install/nav2_voxel_grid:/home/lx/ros2/ros/nav2_ws/install/nav2_msgs:/home/lx/ros2/ros/nav2_ws/install/nav2_common:${AMENT_PREFIX_PATH} CMAKE_PREFIX_PATH=/home/lx/ros2/ros/nav2_ws/install/nav2_core:/home/lx/ros2/ros/nav2_ws/install/nav2_costmap_2d:/home/lx/ros2/ros/nav2_ws/install/nav2_util:/home/lx/ros2/ros/nav2_ws/install/nav2_voxel_grid:/home/lx/ros2/ros/nav2_ws/install/nav2_msgs:/home/lx/ros2/ros/nav2_ws/install/nav2_common:/opt/ros/humble LD_LIBRARY_PATH=/home/lx/ros2/ros/nav2_ws/install/nav2_costmap_2d/lib:/home/lx/ros2/ros/nav2_ws/install/nav2_util/lib:/home/lx/ros2/ros/nav2_ws/install/nav2_voxel_grid/lib:/home/lx/ros2/ros/nav2_ws/install/nav2_msgs/lib:${LD_LIBRARY_PATH} PYTHONPATH=/home/lx/ros2/ros/nav2_ws/install/nav2_msgs/local/lib/python3.10/dist-packages:/home/lx/ros2/ros/nav2_ws/install/nav2_common/local/lib/python3.10/dist-packages:${PYTHONPATH} /usr/bin/cmake /home/lx/ros2/ros/nav2_ws/src/navigation2/nav2_mppi_controller -DCMAKE_INSTALL_PREFIX=/home/lx/ros2/ros/nav2_ws/install/nav2_mppi_controller
[0.599s] -- The C compiler identification is GNU 11.4.0
[0.739s] -- The CXX compiler identification is GNU 11.4.0
[0.749s] -- Detecting C compiler ABI info
[0.911s] -- Detecting C compiler ABI info - done
[0.926s] -- Check for working C compiler: /usr/bin/cc - skipped
[0.927s] -- Detecting C compile features
[0.928s] -- Detecting C compile features - done
[0.933s] -- Detecting CXX compiler ABI info
[1.211s] -- Detecting CXX compiler ABI info - done
[1.244s] -- Check for working CXX compiler: /usr/bin/c++ - skipped
[1.245s] -- Detecting CXX compile features
[1.245s] -- Detecting CXX compile features - done
[1.259s] -- Found ament_cmake: 1.3.5 (/opt/ros/humble/share/ament_cmake/cmake)
[1.839s] -- Found Python3: /usr/bin/python3.10 (found version "3.10.12") found components: Interpreter 
[2.147s] -- Performing Test arch_native_supported
[2.416s] -- Performing Test arch_native_supported - Success
[2.425s] -- Found rclcpp: 16.0.6 (/opt/ros/humble/share/rclcpp/cmake)
[2.513s] -- Found rosidl_generator_c: 3.1.5 (/opt/ros/humble/share/rosidl_generator_c/cmake)
[2.523s] -- Found rosidl_adapter: 3.1.5 (/opt/ros/humble/share/rosidl_adapter/cmake)
[2.537s] -- Found rosidl_generator_cpp: 3.1.5 (/opt/ros/humble/share/rosidl_generator_cpp/cmake)
[2.560s] -- Using all available rosidl_typesupport_c: rosidl_typesupport_fastrtps_c;rosidl_typesupport_introspection_c
[2.596s] -- Using all available rosidl_typesupport_cpp: rosidl_typesupport_fastrtps_cpp;rosidl_typesupport_introspection_cpp
[2.736s] -- Found rmw_implementation_cmake: 6.1.1 (/opt/ros/humble/share/rmw_implementation_cmake/cmake)
[2.741s] -- Found rmw_fastrtps_cpp: 6.2.4 (/opt/ros/humble/share/rmw_fastrtps_cpp/cmake)
[2.918s] -- Found OpenSSL: /usr/lib/x86_64-linux-gnu/libcrypto.so (found version "3.0.2")  
[2.964s] -- Found FastRTPS: /opt/ros/humble/include  
[3.050s] -- Using RMW implementation 'rmw_fastrtps_cpp' as default
[3.068s] -- Looking for pthread.h
[3.231s] -- Looking for pthread.h - found
[3.232s] -- Performing Test CMAKE_HAVE_LIBC_PTHREAD
[3.338s] -- Performing Test CMAKE_HAVE_LIBC_PTHREAD - Success
[3.340s] -- Found Threads: TRUE  
[3.648s] -- Found nav2_common: 1.1.12 (/home/lx/ros2/ros/nav2_ws/install/nav2_common/share/nav2_common/cmake)
[3.651s] -- Found pluginlib: 5.1.0 (/opt/ros/humble/share/pluginlib/cmake)
[3.700s] -- Found tf2: 0.25.4 (/opt/ros/humble/share/tf2/cmake)
[3.807s] -- Found visualization_msgs: 4.2.3 (/opt/ros/humble/share/visualization_msgs/cmake)
[4.202s] -- Found nav_msgs: 4.2.3 (/opt/ros/humble/share/nav_msgs/cmake)
[4.343s] -- Found nav2_core: 1.1.12 (/home/lx/ros2/ros/nav2_ws/install/nav2_core/share/nav2_core/cmake)
[5.716s] -- Found Eigen3: TRUE (found version "3.4.0") 
[5.717s] -- Ensuring Eigen3 include directory is part of orocos-kdl CMake target
[8.496s] -- Found tf2_eigen: 0.25.4 (/opt/ros/humble/share/tf2_eigen/cmake)
[8.504s] -- Setting build type to Release as none was specified.
[8.505s] -- Performing Test COMPILER_SUPPORTS_AVX512
[8.619s] -- Performing Test COMPILER_SUPPORTS_AVX512 - Success
[8.620s] -- Performing Test COMPILER_SUPPORTS_SSE4
[8.732s] -- Performing Test COMPILER_SUPPORTS_SSE4 - Success
[8.734s] -- Performing Test COMPILER_SUPPORTS_AVX2
[8.843s] -- Performing Test COMPILER_SUPPORTS_AVX2 - Success
[8.844s] -- Performing Test COMPILER_SUPPORTS_FMA
[8.954s] -- Performing Test COMPILER_SUPPORTS_FMA - Success
[26.373s] -- Found ament_lint_auto: 0.12.8 (/opt/ros/humble/share/ament_lint_auto/cmake)
[26.376s] -- Found ament_cmake_gtest: 1.3.5 (/opt/ros/humble/share/ament_cmake_gtest/cmake)
[26.516s] -- Found gtest sources under '/opt/ros/humble/src/gtest_vendor': C++ tests using 'Google Test' will be built
[116.080s] -- Added test 'cppcheck' to perform static code analysis on C / C++ code
[116.081s] -- Configured cppcheck include dirs: /home/lx/ros2/ros/nav2_ws/src/navigation2/nav2_mppi_controller/include
[116.082s] -- Configured cppcheck exclude dirs and/or files: 
[116.085s] -- Added test 'cpplint' to check C / C++ code against the Google style
[116.085s] -- Configured cpplint exclude dirs and/or files: 
[116.087s] -- Added test 'lint_cmake' to check CMake code style
[116.091s] -- Added test 'uncrustify' to check C / C++ code style
[116.091s] -- Configured uncrustify additional arguments: 
[116.093s] -- Added test 'xmllint' to check XML markup files
[116.096s] -- Configuring done
[116.933s] -- Generating done
[116.938s] -- Build files have been written to: /home/lx/ros2/ros/nav2_ws/build/nav2_mppi_controller
[116.974s] Invoked command in '/home/lx/ros2/ros/nav2_ws/build/nav2_mppi_controller' returned '0': AMENT_PREFIX_PATH=/home/lx/ros2/ros/nav2_ws/install/nav2_core:/home/lx/ros2/ros/nav2_ws/install/nav2_costmap_2d:/home/lx/ros2/ros/nav2_ws/install/nav2_util:/home/lx/ros2/ros/nav2_ws/install/nav2_voxel_grid:/home/lx/ros2/ros/nav2_ws/install/nav2_msgs:/home/lx/ros2/ros/nav2_ws/install/nav2_common:${AMENT_PREFIX_PATH} CMAKE_PREFIX_PATH=/home/lx/ros2/ros/nav2_ws/install/nav2_core:/home/lx/ros2/ros/nav2_ws/install/nav2_costmap_2d:/home/lx/ros2/ros/nav2_ws/install/nav2_util:/home/lx/ros2/ros/nav2_ws/install/nav2_voxel_grid:/home/lx/ros2/ros/nav2_ws/install/nav2_msgs:/home/lx/ros2/ros/nav2_ws/install/nav2_common:/opt/ros/humble LD_LIBRARY_PATH=/home/lx/ros2/ros/nav2_ws/install/nav2_costmap_2d/lib:/home/lx/ros2/ros/nav2_ws/install/nav2_util/lib:/home/lx/ros2/ros/nav2_ws/install/nav2_voxel_grid/lib:/home/lx/ros2/ros/nav2_ws/install/nav2_msgs/lib:${LD_LIBRARY_PATH} PYTHONPATH=/home/lx/ros2/ros/nav2_ws/install/nav2_msgs/local/lib/python3.10/dist-packages:/home/lx/ros2/ros/nav2_ws/install/nav2_common/local/lib/python3.10/dist-packages:${PYTHONPATH} /usr/bin/cmake /home/lx/ros2/ros/nav2_ws/src/navigation2/nav2_mppi_controller -DCMAKE_INSTALL_PREFIX=/home/lx/ros2/ros/nav2_ws/install/nav2_mppi_controller
[116.977s] Invoking command in '/home/lx/ros2/ros/nav2_ws/build/nav2_mppi_controller': AMENT_PREFIX_PATH=/home/lx/ros2/ros/nav2_ws/install/nav2_core:/home/lx/ros2/ros/nav2_ws/install/nav2_costmap_2d:/home/lx/ros2/ros/nav2_ws/install/nav2_util:/home/lx/ros2/ros/nav2_ws/install/nav2_voxel_grid:/home/lx/ros2/ros/nav2_ws/install/nav2_msgs:/home/lx/ros2/ros/nav2_ws/install/nav2_common:${AMENT_PREFIX_PATH} CMAKE_PREFIX_PATH=/home/lx/ros2/ros/nav2_ws/install/nav2_core:/home/lx/ros2/ros/nav2_ws/install/nav2_costmap_2d:/home/lx/ros2/ros/nav2_ws/install/nav2_util:/home/lx/ros2/ros/nav2_ws/install/nav2_voxel_grid:/home/lx/ros2/ros/nav2_ws/install/nav2_msgs:/home/lx/ros2/ros/nav2_ws/install/nav2_common:/opt/ros/humble LD_LIBRARY_PATH=/home/lx/ros2/ros/nav2_ws/install/nav2_costmap_2d/lib:/home/lx/ros2/ros/nav2_ws/install/nav2_util/lib:/home/lx/ros2/ros/nav2_ws/install/nav2_voxel_grid/lib:/home/lx/ros2/ros/nav2_ws/install/nav2_msgs/lib:${LD_LIBRARY_PATH} PYTHONPATH=/home/lx/ros2/ros/nav2_ws/install/nav2_msgs/local/lib/python3.10/dist-packages:/home/lx/ros2/ros/nav2_ws/install/nav2_common/local/lib/python3.10/dist-packages:${PYTHONPATH} /usr/bin/cmake --build /home/lx/ros2/ros/nav2_ws/build/nav2_mppi_controller -- -j12 -l12
[129.948s] [  2%] [32mBuilding CXX object CMakeFiles/mppi_controller.dir/src/controller.cpp.o[0m
[140.827s] [  4%] [32mBuilding CXX object CMakeFiles/mppi_controller.dir/src/noise_generator.cpp.o[0m
[150.328s] [  6%] [32mBuilding CXX object CMakeFiles/mppi_controller.dir/src/parameters_handler.cpp.o[0m
[154.725s] [  8%] [32mBuilding CXX object CMakeFiles/mppi_controller.dir/src/path_handler.cpp.o[0m
[167.863s] [ 10%] [32mBuilding CXX object CMakeFiles/mppi_controller.dir/src/trajectory_visualizer.cpp.o[0m
[182.174s] [ 12%] [32mBuilding CXX object CMakeFiles/mppi_controller.dir/src/critic_manager.cpp.o[0m
[182.174s] [ 14%] [32mBuilding CXX object CMakeFiles/mppi_controller.dir/src/optimizer.cpp.o[0m
[213.267s] [ 17%] [32m[1mLinking CXX shared library libmppi_controller.so[0m
[213.656s] [ 17%] Built target mppi_controller
[213.689s] [ 19%] [32mBuilding CXX object gtest/CMakeFiles/gtest_main.dir/src/gtest_main.cc.o[0m
[213.697s] [ 21%] [32mBuilding CXX object gtest/CMakeFiles/gtest.dir/src/gtest-all.cc.o[0m
[215.058s] [ 23%] [32m[1mLinking CXX static library libgtest_main.a[0m
[215.101s] [ 23%] Built target gtest_main
[215.131s] [ 27%] [32mBuilding CXX object CMakeFiles/mppi_critics.dir/src/critics/obstacles_critic.cpp.o[0m
[215.131s] [ 27%] [32mBuilding CXX object CMakeFiles/mppi_critics.dir/src/critics/goal_critic.cpp.o[0m
[226.094s] [ 29%] [32m[1mLinking CXX static library libgtest.a[0m
[226.206s] [ 29%] Built target gtest
[226.248s] [ 31%] [32mBuilding CXX object test/CMakeFiles/optimizer_smoke_test.dir/optimizer_smoke_test.cpp.o[0m
[227.364s] [ 34%] [32mBuilding CXX object test/CMakeFiles/controller_state_transition_test.dir/controller_state_transition_test.cpp.o[0m
[233.906s] [ 36%] [32mBuilding CXX object CMakeFiles/mppi_critics.dir/src/critics/constraint_critic.cpp.o[0m
[251.199s] [ 38%] [32mBuilding CXX object CMakeFiles/mppi_critics.dir/src/critics/twirling_critic.cpp.o[0m
[251.903s] [ 40%] [32m[1mLinking CXX executable controller_state_transition_test[0m
[252.764s] [ 40%] Built target controller_state_transition_test
[253.938s] [ 42%] [32m[1mLinking CXX executable optimizer_smoke_test[0m
[254.742s] [ 42%] Built target optimizer_smoke_test
[255.772s] [ 46%] [32mBuilding CXX object test/CMakeFiles/trajectory_visualizer_tests.dir/trajectory_visualizer_tests.cpp.o[0m
[255.772s] [ 46%] [32mBuilding CXX object test/CMakeFiles/motion_model_tests.dir/motion_model_tests.cpp.o[0m
[256.936s] [ 48%] [32mBuilding CXX object test/CMakeFiles/noise_generator_test.dir/noise_generator_test.cpp.o[0m
[256.951s] [ 51%] [32mBuilding CXX object test/CMakeFiles/parameter_handler_test.dir/parameter_handler_test.cpp.o[0m
[258.015s] [ 53%] [32mBuilding CXX object test/CMakeFiles/models_test.dir/models_test.cpp.o[0m
[268.859s] [01m[K/home/lx/ros2/ros/nav2_ws/src/navigation2/nav2_mppi_controller/test/noise_generator_test.cpp:[m[K In member function ‚Äò[01m[Kvirtual void NoiseGeneratorTest_NoiseGeneratorLifecycle_Test::TestBody()[m[K‚Äô:
[268.860s] [01m[K/home/lx/ros2/ros/nav2_ws/src/navigation2/nav2_mppi_controller/test/noise_generator_test.cpp:45:32:[m[K [01;31m[Kerror: [m[K‚Äò[01m[Krclcpp_lifecycle[m[K‚Äô was not declared in this scope
[268.860s]    45 |   auto node = std::make_shared<[01;31m[Krclcpp_lifecycle[m[K::LifecycleNode>("node");
[268.860s]       |                                [01;31m[K^~~~~~~~~~~~~~~~[m[K
[268.860s] [01m[K/home/lx/ros2/ros/nav2_ws/src/navigation2/nav2_mppi_controller/test/noise_generator_test.cpp:45:20:[m[K [01;31m[Kerror: [m[Kparse error in template argument list
[268.860s]    45 |   auto node = std::[01;31m[Kmake_shared<rclcpp_lifecycle::LifecycleNode>[m[K("node");
[268.860s]       |                    [01;31m[K^~~~~~~~~~~~~~~~~~~~~~~~~~~~~~~~~~~~~~~~~~~~[m[K
[268.860s] [01m[K/home/lx/ros2/ros/nav2_ws/src/navigation2/nav2_mppi_controller/test/noise_generator_test.cpp:45:64:[m[K [01;31m[Kerror: [m[Kno matching function for call to ‚Äò[01m[Kmake_shared<<expression error> >(const char [5])[m[K‚Äô
[268.860s]    45 |   auto node = [01;31m[Kstd::make_shared<rclcpp_lifecycle::LifecycleNode>("node")[m[K;
[268.860s]       |               [01;31m[K~~~~~~~~~~~~~~~~~~~~~~~~~~~~~~~~~~~~~~~~~~~~~~~~~^~~~~~~~[m[K
[268.860s] In file included from [01m[K/usr/include/c++/11/memory:77[m[K,
[268.860s]                  from [01m[K/opt/ros/humble/src/gtest_vendor/include/gtest/gtest.h:57[m[K,
[268.861s]                  from [01m[K/home/lx/ros2/ros/nav2_ws/src/navigation2/nav2_mppi_controller/test/noise_generator_test.cpp:18[m[K:
[268.861s] [01m[K/usr/include/c++/11/bits/shared_ptr.h:875:5:[m[K [01;36m[Knote: [m[Kcandidate: ‚Äò[01m[Ktemplate<class _Tp, class ... _Args> std::shared_ptr<_Tp> std::make_shared(_Args&& ...)[m[K‚Äô
[268.861s]   875 |     [01;36m[Kmake_shared[m[K(_Args&&... __args)
[268.861s]       |     [01;36m[K^~~~~~~~~~~[m[K
[268.861s] [01m[K/usr/include/c++/11/bits/shared_ptr.h:875:5:[m[K [01;36m[Knote: [m[K  template argument deduction/substitution failed:
[268.861s] [01m[K/home/lx/ros2/ros/nav2_ws/src/navigation2/nav2_mppi_controller/test/noise_generator_test.cpp:45:64:[m[K [01;31m[Kerror: [m[Ktemplate argument 1 is invalid
[268.861s]    45 |   auto node = [01;31m[Kstd::make_shared<rclcpp_lifecycle::LifecycleNode>("node")[m[K;
[268.861s]       |               [01;31m[K~~~~~~~~~~~~~~~~~~~~~~~~~~~~~~~~~~~~~~~~~~~~~~~~~^~~~~~~~[m[K
[268.912s] [01m[K/home/lx/ros2/ros/nav2_ws/src/navigation2/nav2_mppi_controller/test/noise_generator_test.cpp:47:3:[m[K [01;31m[Kerror: [m[K‚Äò[01m[KParametersHandler[m[K‚Äô was not declared in this scope
[268.912s]    47 |   [01;31m[KParametersHandler[m[K handler(node);
[268.912s]       |   [01;31m[K^~~~~~~~~~~~~~~~~[m[K
[268.939s] [01m[K/home/lx/ros2/ros/nav2_ws/src/navigation2/nav2_mppi_controller/test/noise_generator_test.cpp:49:55:[m[K [01;31m[Kerror: [m[K‚Äò[01m[Khandler[m[K‚Äô was not declared in this scope
[268.939s]    49 |   generator.initialize(settings, false, "test_name", &[01;31m[Khandler[m[K);
[268.939s]       |                                                       [01;31m[K^~~~~~~[m[K
[268.994s] [01m[K/home/lx/ros2/ros/nav2_ws/src/navigation2/nav2_mppi_controller/test/noise_generator_test.cpp:[m[K In member function ‚Äò[01m[Kvirtual void NoiseGeneratorTest_NoiseGeneratorMain_Test::TestBody()[m[K‚Äô:
[268.994s] [01m[K/home/lx/ros2/ros/nav2_ws/src/navigation2/nav2_mppi_controller/test/noise_generator_test.cpp:57:32:[m[K [01;31m[Kerror: [m[K‚Äò[01m[Krclcpp_lifecycle[m[K‚Äô was not declared in this scope
[268.994s]    57 |   auto node = std::make_shared<[01;31m[Krclcpp_lifecycle[m[K::LifecycleNode>("node");
[268.995s]       |                                [01;31m[K^~~~~~~~~~~~~~~~[m[K
[268.995s] [01m[K/home/lx/ros2/ros/nav2_ws/src/navigation2/nav2_mppi_controller/test/noise_generator_test.cpp:57:20:[m[K [01;31m[Kerror: [m[Kparse error in template argument list
[268.995s]    57 |   auto node = std::[01;31m[Kmake_shared<rclcpp_lifecycle::LifecycleNode>[m[K("node");
[268.995s]       |                    [01;31m[K^~~~~~~~~~~~~~~~~~~~~~~~~~~~~~~~~~~~~~~~~~~~[m[K
[268.995s] [01m[K/home/lx/ros2/ros/nav2_ws/src/navigation2/nav2_mppi_controller/test/noise_generator_test.cpp:57:64:[m[K [01;31m[Kerror: [m[Kno matching function for call to ‚Äò[01m[Kmake_shared<<expression error> >(const char [5])[m[K‚Äô
[268.995s]    57 |   auto node = [01;31m[Kstd::make_shared<rclcpp_lifecycle::LifecycleNode>("node")[m[K;
[268.995s]       |               [01;31m[K~~~~~~~~~~~~~~~~~~~~~~~~~~~~~~~~~~~~~~~~~~~~~~~~~^~~~~~~~[m[K
[268.995s] In file included from [01m[K/usr/include/c++/11/memory:77[m[K,
[268.995s]                  from [01m[K/opt/ros/humble/src/gtest_vendor/include/gtest/gtest.h:57[m[K,
[268.995s]                  from [01m[K/home/lx/ros2/ros/nav2_ws/src/navigation2/nav2_mppi_controller/test/noise_generator_test.cpp:18[m[K:
[268.995s] [01m[K/usr/include/c++/11/bits/shared_ptr.h:875:5:[m[K [01;36m[Knote: [m[Kcandidate: ‚Äò[01m[Ktemplate<class _Tp, class ... _Args> std::shared_ptr<_Tp> std::make_shared(_Args&& ...)[m[K‚Äô
[268.995s]   875 |     [01;36m[Kmake_shared[m[K(_Args&&... __args)
[268.996s]       |     [01;36m[K^~~~~~~~~~~[m[K
[268.996s] [01m[K/usr/include/c++/11/bits/shared_ptr.h:875:5:[m[K [01;36m[Knote: [m[K  template argument deduction/substitution failed:
[268.996s] [01m[K/home/lx/ros2/ros/nav2_ws/src/navigation2/nav2_mppi_controller/test/noise_generator_test.cpp:57:64:[m[K [01;31m[Kerror: [m[Ktemplate argument 1 is invalid
[268.996s]    57 |   auto node = [01;31m[Kstd::make_shared<rclcpp_lifecycle::LifecycleNode>("node")[m[K;
[268.996s]       |               [01;31m[K~~~~~~~~~~~~~~~~~~~~~~~~~~~~~~~~~~~~~~~~~~~~~~~~~^~~~~~~~[m[K
[269.062s] [01m[K/home/lx/ros2/ros/nav2_ws/src/navigation2/nav2_mppi_controller/test/noise_generator_test.cpp:59:3:[m[K [01;31m[Kerror: [m[K‚Äò[01m[KParametersHandler[m[K‚Äô was not declared in this scope
[269.062s]    59 |   [01;31m[KParametersHandler[m[K handler(node);
[269.063s]       |   [01;31m[K^~~~~~~~~~~~~~~~~[m[K
[269.099s] [01m[K/home/lx/ros2/ros/nav2_ws/src/navigation2/nav2_mppi_controller/test/noise_generator_test.cpp:81:55:[m[K [01;31m[Kerror: [m[K‚Äò[01m[Khandler[m[K‚Äô was not declared in this scope
[269.099s]    81 |   generator.initialize(settings, false, "test_name", &[01;31m[Khandler[m[K);
[269.099s]       |                                                       [01;31m[K^~~~~~~[m[K
[269.204s] [ 55%] [32mBuilding CXX object CMakeFiles/mppi_critics.dir/src/critics/prefer_forward_critic.cpp.o[0m
[269.894s] [ 57%] [32m[1mLinking CXX executable parameter_handler_test[0m
[270.365s] gmake[2]: *** [test/CMakeFiles/noise_generator_test.dir/build.make:76Ôºötest/CMakeFiles/noise_generator_test.dir/noise_generator_test.cpp.o] ÈîôËØØ 1
[270.365s] gmake[1]: *** [CMakeFiles/Makefile2:334Ôºötest/CMakeFiles/noise_generator_test.dir/all] ÈîôËØØ 2
[270.365s] gmake[1]: *** Ê≠£Âú®Á≠âÂæÖÊú™ÂÆåÊàêÁöÑ‰ªªÂä°....
[270.815s] [ 57%] Built target parameter_handler_test
[273.427s] [ 59%] [32m[1mLinking CXX executable models_test[0m
[273.954s] [ 59%] Built target models_test
[274.704s] [ 61%] [32m[1mLinking CXX executable motion_model_tests[0m
[275.087s] [ 61%] Built target motion_model_tests
[280.832s] [ 63%] [32mBuilding CXX object CMakeFiles/mppi_critics.dir/src/critics/path_angle_critic.cpp.o[0m
[286.545s] [ 65%] [32m[1mLinking CXX executable trajectory_visualizer_tests[0m
[286.943s] [ 65%] Built target trajectory_visualizer_tests
[293.726s] [ 74%] [32mBuilding CXX object CMakeFiles/mppi_critics.dir/src/critics/goal_angle_critic.cpp.o[0m
[293.726s] [ 74%] [32mBuilding CXX object CMakeFiles/mppi_critics.dir/src/critics/path_align_critic.cpp.o[0m
[293.726s] [ 74%] [32mBuilding CXX object CMakeFiles/mppi_critics.dir/src/critics/path_align_legacy_critic.cpp.o[0m
[293.726s] [ 74%] [32mBuilding CXX object CMakeFiles/mppi_critics.dir/src/critics/path_follow_critic.cpp.o[0m
[308.497s] [ 76%] [32m[1mLinking CXX shared library libmppi_critics.so[0m
[308.764s] [ 76%] Built target mppi_critics
[308.765s] gmake: *** [Makefile:146Ôºöall] ÈîôËØØ 2
[308.767s] Invoked command in '/home/lx/ros2/ros/nav2_ws/build/nav2_mppi_controller' returned '2': AMENT_PREFIX_PATH=/home/lx/ros2/ros/nav2_ws/install/nav2_core:/home/lx/ros2/ros/nav2_ws/install/nav2_costmap_2d:/home/lx/ros2/ros/nav2_ws/install/nav2_util:/home/lx/ros2/ros/nav2_ws/install/nav2_voxel_grid:/home/lx/ros2/ros/nav2_ws/install/nav2_msgs:/home/lx/ros2/ros/nav2_ws/install/nav2_common:${AMENT_PREFIX_PATH} CMAKE_PREFIX_PATH=/home/lx/ros2/ros/nav2_ws/install/nav2_core:/home/lx/ros2/ros/nav2_ws/install/nav2_costmap_2d:/home/lx/ros2/ros/nav2_ws/install/nav2_util:/home/lx/ros2/ros/nav2_ws/install/nav2_voxel_grid:/home/lx/ros2/ros/nav2_ws/install/nav2_msgs:/home/lx/ros2/ros/nav2_ws/install/nav2_common:/opt/ros/humble LD_LIBRARY_PATH=/home/lx/ros2/ros/nav2_ws/install/nav2_costmap_2d/lib:/home/lx/ros2/ros/nav2_ws/install/nav2_util/lib:/home/lx/ros2/ros/nav2_ws/install/nav2_voxel_grid/lib:/home/lx/ros2/ros/nav2_ws/install/nav2_msgs/lib:${LD_LIBRARY_PATH} PYTHONPATH=/home/lx/ros2/ros/nav2_ws/install/nav2_msgs/local/lib/python3.10/dist-packages:/home/lx/ros2/ros/nav2_ws/install/nav2_common/local/lib/python3.10/dist-packages:${PYTHONPATH} /usr/bin/cmake --build /home/lx/ros2/ros/nav2_ws/build/nav2_mppi_controller -- -j12 -l12
